Log file open, 07/30/19 00:01:43
LogWindows: Failed to load 'aqProf.dll' (GetLastError=126)
LogWindows: File 'aqProf.dll' does not exist
LogWindows: Failed to load 'VtuneApi.dll' (GetLastError=126)
LogWindows: File 'VtuneApi.dll' does not exist
LogWindows: Failed to load 'VtuneApi32e.dll' (GetLastError=126)
LogWindows: File 'VtuneApi32e.dll' does not exist
LogConsoleResponse: Display: Failed to find resolution value strings in scalability ini. Falling back to default.
LogInit: Display: Running engine for game: Vanguard2
LogPakFile: Registered encryption key '00000000000000000000000000000000': 0 pak files mounted, 0 remain pending
LogPlatformFile: Not using cached read wrapper
LogTaskGraph: Started task graph with 5 named threads and 23 total threads with 3 sets of task threads.
LogStats: Stats thread started at 0.276209
LogD3D11RHI: Loaded GFSDK_Aftermath_Lib.x64.dll
LogICUInternationalization: ICU TimeZone Detection - Raw Offset: -6:00, Platform Override: ''
LogPluginManager: Mounting plugin Paper2D
LogPluginManager: Mounting plugin AISupport
LogPluginManager: Mounting plugin LightPropagationVolume
LogPluginManager: Mounting plugin ActorLayerUtilities
LogPluginManager: Mounting plugin AnimationSharing
LogPluginManager: Mounting plugin CLionSourceCodeAccess
LogPluginManager: Mounting plugin CodeLiteSourceCodeAccess
LogPluginManager: Mounting plugin GitSourceControl
LogPluginManager: Mounting plugin KDevelopSourceCodeAccess
LogPluginManager: Mounting plugin NullSourceCodeAccess
LogPluginManager: Mounting plugin PerforceSourceControl
LogPluginManager: Mounting plugin SubversionSourceControl
LogPluginManager: Mounting plugin UObjectPlugin
LogPluginManager: Mounting plugin VisualStudioCodeSourceCodeAccess
LogPluginManager: Mounting plugin VisualStudioSourceCodeAccess
LogPluginManager: Mounting plugin XCodeSourceCodeAccess
LogPluginManager: Mounting plugin AssetManagerEditor
LogPluginManager: Mounting plugin CryptoKeys
LogPluginManager: Mounting plugin DataValidation
LogPluginManager: Mounting plugin FacialAnimation
LogPluginManager: Mounting plugin GameplayTagsEditor
LogPluginManager: Mounting plugin MacGraphicsSwitching
LogPluginManager: Mounting plugin MaterialAnalyzer
LogPluginManager: Mounting plugin MobileLauncherProfileWizard
LogPluginManager: Mounting plugin PluginBrowser
LogPluginManager: Mounting plugin SpeedTreeImporter
LogPluginManager: Mounting plugin DatasmithContent
LogPluginManager: Mounting plugin VariantManagerContent
LogPluginManager: Mounting plugin AlembicImporter
LogPluginManager: Mounting plugin AppleImageUtils
LogPluginManager: Mounting plugin AppleVision
LogPluginManager: Mounting plugin BackChannel
LogPluginManager: Mounting plugin CharacterAI
LogPluginManager: Mounting plugin GeometryCache
LogPluginManager: Mounting plugin HTML5Networking
LogPluginManager: Mounting plugin ProxyLODPlugin
LogPluginManager: Mounting plugin SkeletalReduction
LogPluginManager: Mounting plugin MagicLeap
LogPluginManager: Mounting plugin MagicLeapMedia
LogPluginManager: Mounting plugin AndroidMedia
LogPluginManager: Mounting plugin AvfMedia
LogPluginManager: Mounting plugin ImgMedia
LogPluginManager: Mounting plugin LinearTimecode
LogPluginManager: Mounting plugin MediaCompositing
LogPluginManager: Mounting plugin MediaPlayerEditor
LogPluginManager: Mounting plugin WebMMedia
LogPluginManager: Mounting plugin WmfMedia
LogPluginManager: Mounting plugin TcpMessaging
LogPluginManager: Mounting plugin UdpMessaging
LogPluginManager: Mounting plugin ActorSequence
LogPluginManager: Mounting plugin LevelSequenceEditor
LogPluginManager: Mounting plugin MatineeToLevelSequence
LogPluginManager: Mounting plugin NetcodeUnitTest
LogPluginManager: Mounting plugin NUTUnrealEngine4
LogPluginManager: Mounting plugin OnlineSubsystemGooglePlay
LogPluginManager: Mounting plugin OnlineSubsystemIOS
LogPluginManager: Mounting plugin OnlineSubsystem
LogPluginManager: Mounting plugin OnlineSubsystemNull
LogPluginManager: Mounting plugin OnlineSubsystemUtils
LogPluginManager: Mounting plugin LauncherChunkInstaller
LogPluginManager: Mounting plugin AndroidDeviceProfileSelector
LogPluginManager: Mounting plugin AndroidMoviePlayer
LogPluginManager: Mounting plugin AndroidPermission
LogPluginManager: Mounting plugin AppleMoviePlayer
LogPluginManager: Mounting plugin ArchVisCharacter
LogPluginManager: Mounting plugin AudioCapture
LogPluginManager: Mounting plugin CableComponent
LogPluginManager: Mounting plugin CustomMeshComponent
LogPluginManager: Mounting plugin EditableMesh
LogPluginManager: Mounting plugin ExampleDeviceProfileSelector
LogPluginManager: Mounting plugin Firebase
LogPluginManager: Mounting plugin GoogleCloudMessaging
LogPluginManager: Mounting plugin IOSDeviceProfileSelector
LogPluginManager: Mounting plugin LinuxDeviceProfileSelector
LogPluginManager: Mounting plugin LocationServicesBPLibrary
LogPluginManager: Mounting plugin MobilePatchingUtils
LogPluginManager: Mounting plugin OculusVR
LogPluginManager: Mounting plugin PhysXVehicles
LogPluginManager: Mounting plugin ProceduralMeshComponent
LogPluginManager: Mounting plugin RuntimePhysXCooking
LogPluginManager: Mounting plugin SignificanceManager
LogPluginManager: Mounting plugin WebMMoviePlayer
LogPluginManager: Mounting plugin WindowsMoviePlayer
LogInit: Using libcurl 7.55.1-DEV
LogInit:  - built for x86_64-pc-win32
LogInit:  - supports SSL with OpenSSL/1.1.1
LogInit:  - supports HTTP deflate (compression) using libz 1.2.8
LogInit:  - other features:
LogInit:      CURL_VERSION_SSL
LogInit:      CURL_VERSION_LIBZ
LogInit:      CURL_VERSION_IPV6
LogInit:      CURL_VERSION_ASYNCHDNS
LogInit:      CURL_VERSION_LARGEFILE
LogInit:      CURL_VERSION_IDN
LogInit:  CurlRequestOptions (configurable via config and command line):
LogInit:  - bVerifyPeer = true  - Libcurl will verify peer certificate
LogInit:  - bUseHttpProxy = false  - Libcurl will NOT use HTTP proxy
LogInit:  - bDontReuseConnections = false  - Libcurl will reuse connections
LogInit:  - MaxHostConnections = 16  - Libcurl will limit the number of connections to a host
LogInit:  - LocalHostAddr = Default
LogInit:  - BufferSize = 65536
LogInit: WinSock: version 1.1 (2.2), MaxSocks=32767, MaxUdp=65467
LogInit: Build: ++UE4+Release-4.22-CL-7053642
LogInit: Engine Version: 4.22.3-7053642+++UE4+Release-4.22
LogInit: Compatible Engine Version: 4.22.0-5660361+++UE4+Release-4.22
LogInit: Net CL: 5660361
LogInit: OS: Windows 10 (Release 1903) (), CPU: Intel(R) Core(TM) i7-7740X CPU @ 4.30GHz, GPU: NVIDIA GeForce GTX 1080
LogInit: Compiled (64-bit): Jun 18 2019 03:09:11
LogInit: Compiled with Visual C++: 19.16.27025.01
LogInit: Build Configuration: Development
LogInit: Branch Name: ++UE4+Release-4.22
LogInit: Command Line:  -EpicPortal -epicusername=Adam_James -epicuserid=3b2b91b068a6435b8481378b8a09aaae -epiclocale=en-US
LogInit: Base Directory: D:/Program Files/Unreal Engine/UE_4.22/Engine/Binaries/Win64/
LogInit: Installed Engine Build: 1
LogDevObjectVersion: Number of dev versions registered: 23
LogDevObjectVersion:   Dev-Blueprints (B0D832E4-1F89-4F0D-ACCF-7EB736FD4AA2): 10
LogDevObjectVersion:   Dev-Build (E1C64328-A22C-4D53-A36C-8E866417BD8C): 0
LogDevObjectVersion:   Dev-Core (375EC13C-06E4-48FB-B500-84F0262A717E): 3
LogDevObjectVersion:   Dev-Editor (E4B068ED-F494-42E9-A231-DA0B2E46BB41): 30
LogDevObjectVersion:   Dev-Framework (CFFC743F-43B0-4480-9391-14DF171D2073): 35
LogDevObjectVersion:   Dev-Mobile (B02B49B5-BB20-44E9-A304-32B752E40360): 2
LogDevObjectVersion:   Dev-Networking (A4E4105C-59A1-49B5-A7C5-40C4547EDFEE): 0
LogDevObjectVersion:   Dev-Online (39C831C9-5AE6-47DC-9A44-9C173E1C8E7C): 0
LogDevObjectVersion:   Dev-Physics (78F01B33-EBEA-4F98-B9B4-84EACCB95AA2): 0
LogDevObjectVersion:   Dev-Platform (6631380F-2D4D-43E0-8009-CF276956A95A): 0
LogDevObjectVersion:   Dev-Rendering (12F88B9F-8875-4AFC-A67C-D90C383ABD29): 28
LogDevObjectVersion:   Dev-Sequencer (7B5AE74C-D270-4C10-A958-57980B212A5A): 11
LogDevObjectVersion:   Dev-VR (D7296918-1DD6-4BDD-9DE2-64A83CC13884): 2
LogDevObjectVersion:   Dev-LoadTimes (C2A15278-BFE7-4AFE-6C17-90FF531DF755): 1
LogDevObjectVersion:   Private-Geometry (6EACA3D4-40EC-4CC1-B786-8BED09428FC5): 3
LogDevObjectVersion:   Dev-AnimPhys (29E575DD-E0A3-4627-9D10-D276232CDCEA): 17
LogDevObjectVersion:   Dev-Anim (AF43A65D-7FD3-4947-9873-3E8ED9C1BB05): 2
LogDevObjectVersion:   Dev-ReflectionCapture (6B266CEC-1EC7-4B8F-A30B-E4D90942FC07): 1
LogDevObjectVersion:   Dev-Automation (0DF73D61-A23F-47EA-B727-89E90C41499A): 1
LogDevObjectVersion:   FortniteMain (601D1886-AC64-4F84-AA16-D3DE0DEAC7D6): 25
LogDevObjectVersion:   Dev-Enterprise (9DFFBCD6-494F-0158-E221-12823C92A888): 6
LogDevObjectVersion:   Dev-Niagara (F2AED0AC-9AFE-416F-8664-AA7FFA26D6FC): 1
LogDevObjectVersion:   Dev-Destruction (174F1F0B-B4C6-45A5-B13F-2EE8D0FB917D): 2
LogInit: Presizing for max 16777216 objects, including 0 objects not considered by GC, pre-allocating 0 bytes for permanent pool.
LogInit: Object subsystem initialized
LogConfig: Setting CVar [[con.DebugEarlyDefault:1]]
LogConfig: Setting CVar [[r.setres:1280x720]]
[2019.07.30-05.01.43:795][  0]LogConfig: Setting CVar [[r.VSync:0]]
[2019.07.30-05.01.43:795][  0]LogConfig: Setting CVar [[r.RHICmdBypass:0]]
[2019.07.30-05.01.43:795][  0]LogConfig: Applying CVar settings from Section [/Script/Engine.RendererSettings] File [C:/Users/Adam/Developer/Vanguard2/Vanguard2/Saved/Config/Windows/Engine.ini]
[2019.07.30-05.01.43:795][  0]LogConfig: Setting CVar [[r.GPUCrashDebugging:0]]
[2019.07.30-05.01.43:795][  0]LogConfig: Applying CVar settings from Section [/Script/Engine.RendererOverrideSettings] File [C:/Users/Adam/Developer/Vanguard2/Vanguard2/Saved/Config/Windows/Engine.ini]
[2019.07.30-05.01.43:795][  0]LogConfig: Applying CVar settings from Section [/Script/Engine.StreamingSettings] File [C:/Users/Adam/Developer/Vanguard2/Vanguard2/Saved/Config/Windows/Engine.ini]
[2019.07.30-05.01.43:795][  0]LogConfig: Setting CVar [[s.MinBulkDataSizeForAsyncLoading:131072]]
[2019.07.30-05.01.43:795][  0]LogConfig: Setting CVar [[s.AsyncLoadingThreadEnabled:0]]
[2019.07.30-05.01.43:795][  0]LogConfig: Setting CVar [[s.EventDrivenLoaderEnabled:1]]
[2019.07.30-05.01.43:795][  0]LogConfig: Setting CVar [[s.WarnIfTimeLimitExceeded:0]]
[2019.07.30-05.01.43:795][  0]LogConfig: Setting CVar [[s.TimeLimitExceededMultiplier:1.5]]
[2019.07.30-05.01.43:795][  0]LogConfig: Setting CVar [[s.TimeLimitExceededMinTime:0.005]]
[2019.07.30-05.01.43:795][  0]LogConfig: Setting CVar [[s.UseBackgroundLevelStreaming:1]]
[2019.07.30-05.01.43:795][  0]LogConfig: Setting CVar [[s.PriorityAsyncLoadingExtraTime:15.0]]
[2019.07.30-05.01.43:795][  0]LogConfig: Setting CVar [[s.LevelStreamingActorsUpdateTimeLimit:5.0]]
[2019.07.30-05.01.43:795][  0]LogConfig: Setting CVar [[s.PriorityLevelStreamingActorsUpdateExtraTime:5.0]]
[2019.07.30-05.01.43:795][  0]LogConfig: Setting CVar [[s.LevelStreamingComponentsRegistrationGranularity:10]]
[2019.07.30-05.01.43:795][  0]LogConfig: Setting CVar [[s.UnregisterComponentsTimeLimit:1.0]]
[2019.07.30-05.01.43:795][  0]LogConfig: Setting CVar [[s.LevelStreamingComponentsUnregistrationGranularity:5]]
[2019.07.30-05.01.43:795][  0]LogConfig: Applying CVar settings from Section [/Script/Engine.GarbageCollectionSettings] File [C:/Users/Adam/Developer/Vanguard2/Vanguard2/Saved/Config/Windows/Engine.ini]
[2019.07.30-05.01.43:795][  0]LogConfig: Setting CVar [[gc.MaxObjectsNotConsideredByGC:1]]
[2019.07.30-05.01.43:795][  0]LogConfig: Setting CVar [[gc.SizeOfPermanentObjectPool:0]]
[2019.07.30-05.01.43:795][  0]LogConfig: Setting CVar [[gc.FlushStreamingOnGC:0]]
[2019.07.30-05.01.43:795][  0]LogConfig: Setting CVar [[gc.NumRetriesBeforeForcingGC:10]]
[2019.07.30-05.01.43:795][  0]LogConfig: Setting CVar [[gc.AllowParallelGC:1]]
[2019.07.30-05.01.43:795][  0]LogConfig: Setting CVar [[gc.TimeBetweenPurgingPendingKillObjects:61.1]]
[2019.07.30-05.01.43:795][  0]LogConfig: Setting CVar [[gc.MaxObjectsInEditor:16777216]]
[2019.07.30-05.01.43:795][  0]LogConfig: Setting CVar [[gc.IncrementalBeginDestroyEnabled:1]]
[2019.07.30-05.01.43:795][  0]LogConfig: Setting CVar [[gc.CreateGCClusters:1]]
[2019.07.30-05.01.43:795][  0]LogConfig: Setting CVar [[gc.MinGCClusterSize:5]]
[2019.07.30-05.01.43:795][  0]LogConfig: Setting CVar [[gc.ActorClusteringEnabled:0]]
[2019.07.30-05.01.43:795][  0]LogConfig: Setting CVar [[gc.BlueprintClusteringEnabled:0]]
[2019.07.30-05.01.43:795][  0]LogConfig: Setting CVar [[gc.UseDisregardForGCOnDedicatedServers:0]]
[2019.07.30-05.01.43:796][  0]LogConfig: Applying CVar settings from Section [/Script/Engine.NetworkSettings] File [C:/Users/Adam/Developer/Vanguard2/Vanguard2/Saved/Config/Windows/Engine.ini]
[2019.07.30-05.01.43:796][  0]LogConfig: Applying CVar settings from Section [/Script/UnrealEd.CookerSettings] File [C:/Users/Adam/Developer/Vanguard2/Vanguard2/Saved/Config/Windows/Engine.ini]
[2019.07.30-05.01.43:798][  0]LogConfig: Applying CVar settings from Section [ViewDistanceQuality@3] File [C:/Users/Adam/Developer/Vanguard2/Vanguard2/Saved/Config/Windows/Scalability.ini]
[2019.07.30-05.01.43:798][  0]LogConfig: Setting CVar [[r.SkeletalMeshLODBias:0]]
[2019.07.30-05.01.43:798][  0]LogConfig: Setting CVar [[r.ViewDistanceScale:1.0]]
[2019.07.30-05.01.43:798][  0]LogConfig: Applying CVar settings from Section [AntiAliasingQuality@3] File [C:/Users/Adam/Developer/Vanguard2/Vanguard2/Saved/Config/Windows/Scalability.ini]
[2019.07.30-05.01.43:798][  0]LogConfig: Setting CVar [[r.PostProcessAAQuality:4]]
[2019.07.30-05.01.43:798][  0]LogConfig: Applying CVar settings from Section [ShadowQuality@3] File [C:/Users/Adam/Developer/Vanguard2/Vanguard2/Saved/Config/Windows/Scalability.ini]
[2019.07.30-05.01.43:798][  0]LogConfig: Setting CVar [[r.LightFunctionQuality:1]]
[2019.07.30-05.01.43:798][  0]LogConfig: Setting CVar [[r.ShadowQuality:5]]
[2019.07.30-05.01.43:798][  0]LogConfig: Setting CVar [[r.Shadow.CSM.MaxCascades:10]]
[2019.07.30-05.01.43:798][  0]LogConfig: Setting CVar [[r.Shadow.MaxResolution:2048]]
[2019.07.30-05.01.43:798][  0]LogConfig: Setting CVar [[r.Shadow.MaxCSMResolution:2048]]
[2019.07.30-05.01.43:798][  0]LogConfig: Setting CVar [[r.Shadow.RadiusThreshold:0.01]]
[2019.07.30-05.01.43:798][  0]LogConfig: Setting CVar [[r.Shadow.DistanceScale:1.0]]
[2019.07.30-05.01.43:798][  0]LogConfig: Setting CVar [[r.Shadow.CSM.TransitionScale:1.0]]
[2019.07.30-05.01.43:798][  0]LogConfig: Setting CVar [[r.Shadow.PreShadowResolutionFactor:1.0]]
[2019.07.30-05.01.43:798][  0]LogConfig: Setting CVar [[r.DistanceFieldShadowing:1]]
[2019.07.30-05.01.43:798][  0]LogConfig: Setting CVar [[r.DistanceFieldAO:1]]
[2019.07.30-05.01.43:798][  0]LogConfig: Setting CVar [[r.AOQuality:2]]
[2019.07.30-05.01.43:798][  0]LogConfig: Setting CVar [[r.VolumetricFog:1]]
[2019.07.30-05.01.43:798][  0]LogConfig: Setting CVar [[r.VolumetricFog.GridPixelSize:8]]
[2019.07.30-05.01.43:798][  0]LogConfig: Setting CVar [[r.VolumetricFog.GridSizeZ:128]]
[2019.07.30-05.01.43:798][  0]LogConfig: Setting CVar [[r.VolumetricFog.HistoryMissSupersampleCount:4]]
[2019.07.30-05.01.43:798][  0]LogConfig: Setting CVar [[r.LightMaxDrawDistanceScale:1]]
[2019.07.30-05.01.43:798][  0]LogConfig: Setting CVar [[r.CapsuleShadows:1]]
[2019.07.30-05.01.43:798][  0]LogConfig: Applying CVar settings from Section [PostProcessQuality@3] File [C:/Users/Adam/Developer/Vanguard2/Vanguard2/Saved/Config/Windows/Scalability.ini]
[2019.07.30-05.01.43:798][  0]LogConfig: Setting CVar [[r.MotionBlurQuality:4]]
[2019.07.30-05.01.43:798][  0]LogConfig: Setting CVar [[r.AmbientOcclusionMipLevelFactor:0.4]]
[2019.07.30-05.01.43:798][  0]LogConfig: Setting CVar [[r.AmbientOcclusionMaxQuality:100]]
[2019.07.30-05.01.43:798][  0]LogConfig: Setting CVar [[r.AmbientOcclusionLevels:-1]]
[2019.07.30-05.01.43:798][  0]LogConfig: Setting CVar [[r.AmbientOcclusionRadiusScale:1.0]]
[2019.07.30-05.01.43:798][  0]LogConfig: Setting CVar [[r.DepthOfFieldQuality:2]]
[2019.07.30-05.01.43:798][  0]LogConfig: Setting CVar [[r.RenderTargetPoolMin:400]]
[2019.07.30-05.01.43:798][  0]LogConfig: Setting CVar [[r.LensFlareQuality:2]]
[2019.07.30-05.01.43:798][  0]LogConfig: Setting CVar [[r.SceneColorFringeQuality:1]]
[2019.07.30-05.01.43:798][  0]LogConfig: Setting CVar [[r.EyeAdaptationQuality:2]]
[2019.07.30-05.01.43:798][  0]LogConfig: Setting CVar [[r.BloomQuality:5]]
[2019.07.30-05.01.43:798][  0]LogConfig: Setting CVar [[r.FastBlurThreshold:100]]
[2019.07.30-05.01.43:798][  0]LogConfig: Setting CVar [[r.Upscale.Quality:3]]
[2019.07.30-05.01.43:798][  0]LogConfig: Setting CVar [[r.Tonemapper.GrainQuantization:1]]
[2019.07.30-05.01.43:798][  0]LogConfig: Setting CVar [[r.LightShaftQuality:1]]
[2019.07.30-05.01.43:798][  0]LogConfig: Setting CVar [[r.Filter.SizeScale:1]]
[2019.07.30-05.01.43:798][  0]LogConfig: Setting CVar [[r.Tonemapper.Quality:5]]
[2019.07.30-05.01.43:798][  0]LogConfig: Setting CVar [[r.DOF.Gather.AccumulatorQuality:1        ; higher gathering accumulator quality]]
[2019.07.30-05.01.43:798][  0]LogConfig: Setting CVar [[r.DOF.Gather.PostfilterMethod:1          ; Median3x3 postfilering method]]
[2019.07.30-05.01.43:798][  0]LogConfig: Setting CVar [[r.DOF.Gather.EnableBokehSettings:0       ; no bokeh simulation when gathering]]
[2019.07.30-05.01.43:798][  0]LogConfig: Setting CVar [[r.DOF.Gather.RingCount:4                 ; medium number of samples when gathering]]
[2019.07.30-05.01.43:799][  0]LogConfig: Setting CVar [[r.DOF.Scatter.ForegroundCompositing:1    ; additive foreground scattering]]
[2019.07.30-05.01.43:799][  0]LogConfig: Setting CVar [[r.DOF.Scatter.BackgroundCompositing:2    ; additive background scattering]]
[2019.07.30-05.01.43:799][  0]LogConfig: Setting CVar [[r.DOF.Scatter.EnableBokehSettings:1      ; bokeh simulation when scattering]]
[2019.07.30-05.01.43:799][  0]LogConfig: Setting CVar [[r.DOF.Scatter.MaxSpriteRatio:0.1         ; only a maximum of 10% of scattered bokeh]]
[2019.07.30-05.01.43:799][  0]LogConfig: Setting CVar [[r.DOF.Recombine.Quality:1                ; cheap slight out of focus]]
[2019.07.30-05.01.43:799][  0]LogConfig: Setting CVar [[r.DOF.Recombine.EnableBokehSettings:0    ; no bokeh simulation on slight out of focus]]
[2019.07.30-05.01.43:799][  0]LogConfig: Setting CVar [[r.DOF.TemporalAAQuality:1                ; more stable temporal accumulation]]
[2019.07.30-05.01.43:799][  0]LogConfig: Setting CVar [[r.DOF.Kernel.MaxForegroundRadius:0.025]]
[2019.07.30-05.01.43:799][  0]LogConfig: Setting CVar [[r.DOF.Kernel.MaxBackgroundRadius:0.025]]
[2019.07.30-05.01.43:799][  0]LogConfig: Applying CVar settings from Section [TextureQuality@3] File [C:/Users/Adam/Developer/Vanguard2/Vanguard2/Saved/Config/Windows/Scalability.ini]
[2019.07.30-05.01.43:799][  0]LogConfig: Setting CVar [[r.Streaming.MipBias:0]]
[2019.07.30-05.01.43:799][  0]LogConfig: Setting CVar [[r.Streaming.AmortizeCPUToGPUCopy:0]]
[2019.07.30-05.01.43:799][  0]LogConfig: Setting CVar [[r.Streaming.MaxNumTexturesToStreamPerFrame:0]]
[2019.07.30-05.01.43:799][  0]LogConfig: Setting CVar [[r.Streaming.Boost:1]]
[2019.07.30-05.01.43:799][  0]LogConfig: Setting CVar [[r.MaxAnisotropy:8]]
[2019.07.30-05.01.43:799][  0]LogConfig: Setting CVar [[r.Streaming.LimitPoolSizeToVRAM:0]]
[2019.07.30-05.01.43:799][  0]LogConfig: Setting CVar [[r.Streaming.PoolSize:1000]]
[2019.07.30-05.01.43:799][  0]LogConfig: Setting CVar [[r.Streaming.MaxEffectiveScreenSize:0]]
[2019.07.30-05.01.43:799][  0]LogConfig: Applying CVar settings from Section [EffectsQuality@3] File [C:/Users/Adam/Developer/Vanguard2/Vanguard2/Saved/Config/Windows/Scalability.ini]
[2019.07.30-05.01.43:799][  0]LogConfig: Setting CVar [[r.TranslucencyLightingVolumeDim:64]]
[2019.07.30-05.01.43:799][  0]LogConfig: Setting CVar [[r.RefractionQuality:2]]
[2019.07.30-05.01.43:799][  0]LogConfig: Setting CVar [[r.SSR.Quality:3]]
[2019.07.30-05.01.43:799][  0]LogConfig: Setting CVar [[r.SceneColorFormat:4]]
[2019.07.30-05.01.43:799][  0]LogConfig: Setting CVar [[r.DetailMode:2]]
[2019.07.30-05.01.43:799][  0]LogConfig: Setting CVar [[r.TranslucencyVolumeBlur:1]]
[2019.07.30-05.01.43:799][  0]LogConfig: Setting CVar [[r.MaterialQualityLevel:1 ; High quality]]
[2019.07.30-05.01.43:799][  0]LogConfig: Setting CVar [[r.SSS.Scale:1]]
[2019.07.30-05.01.43:799][  0]LogConfig: Setting CVar [[r.SSS.SampleSet:2]]
[2019.07.30-05.01.43:799][  0]LogConfig: Setting CVar [[r.SSS.Quality:1]]
[2019.07.30-05.01.43:799][  0]LogConfig: Setting CVar [[r.SSS.HalfRes:1]]
[2019.07.30-05.01.43:799][  0]LogConfig: Setting CVar [[r.EmitterSpawnRateScale:1.0]]
[2019.07.30-05.01.43:799][  0]LogConfig: Setting CVar [[r.ParticleLightQuality:2]]
[2019.07.30-05.01.43:799][  0]LogConfig: Applying CVar settings from Section [FoliageQuality@3] File [C:/Users/Adam/Developer/Vanguard2/Vanguard2/Saved/Config/Windows/Scalability.ini]
[2019.07.30-05.01.43:799][  0]LogConfig: Setting CVar [[foliage.DensityScale:1.0]]
[2019.07.30-05.01.43:799][  0]LogConfig: Setting CVar [[grass.DensityScale:1.0]]
[2019.07.30-05.01.43:799][  0]LogInit: Selected Device Profile: [Windows]
[2019.07.30-05.01.43:799][  0]LogInit: Applying CVar settings loaded from the selected device profile: [Windows]
[2019.07.30-05.01.43:810][  0]LogHAL: Display: Platform has ~ 16 GB [17082789888 / 17179869184 / 16], which maps to Larger [LargestMinGB=32, LargerMinGB=12, DefaultMinGB=8, SmallerMinGB=6, SmallestMinGB=0)
[2019.07.30-05.01.43:810][  0]LogConfig: Setting CVar [[r.Vulkan.UseRealUBs:0		; Required until we fix HLR fall-out]]
[2019.07.30-05.01.43:810][  0]LogInit: Going up to parent DeviceProfile []
[2019.07.30-05.01.43:810][  0]LogConfig: Applying CVar settings from Section [ViewDistanceQuality@3] File [C:/Users/Adam/Developer/Vanguard2/Vanguard2/Saved/Config/Windows/Scalability.ini]
[2019.07.30-05.01.43:810][  0]LogConfig: Setting CVar [[r.SkeletalMeshLODBias:0]]
[2019.07.30-05.01.43:810][  0]LogConfig: Setting CVar [[r.ViewDistanceScale:1.0]]
[2019.07.30-05.01.43:810][  0]LogConfig: Applying CVar settings from Section [AntiAliasingQuality@3] File [C:/Users/Adam/Developer/Vanguard2/Vanguard2/Saved/Config/Windows/Scalability.ini]
[2019.07.30-05.01.43:810][  0]LogConfig: Setting CVar [[r.PostProcessAAQuality:4]]
[2019.07.30-05.01.43:810][  0]LogConfig: Applying CVar settings from Section [ShadowQuality@3] File [C:/Users/Adam/Developer/Vanguard2/Vanguard2/Saved/Config/Windows/Scalability.ini]
[2019.07.30-05.01.43:810][  0]LogConfig: Setting CVar [[r.LightFunctionQuality:1]]
[2019.07.30-05.01.43:810][  0]LogConfig: Setting CVar [[r.ShadowQuality:5]]
[2019.07.30-05.01.43:810][  0]LogConfig: Setting CVar [[r.Shadow.CSM.MaxCascades:10]]
[2019.07.30-05.01.43:810][  0]LogConfig: Setting CVar [[r.Shadow.MaxResolution:2048]]
[2019.07.30-05.01.43:810][  0]LogConfig: Setting CVar [[r.Shadow.MaxCSMResolution:2048]]
[2019.07.30-05.01.43:810][  0]LogConfig: Setting CVar [[r.Shadow.RadiusThreshold:0.01]]
[2019.07.30-05.01.43:810][  0]LogConfig: Setting CVar [[r.Shadow.DistanceScale:1.0]]
[2019.07.30-05.01.43:810][  0]LogConfig: Setting CVar [[r.Shadow.CSM.TransitionScale:1.0]]
[2019.07.30-05.01.43:810][  0]LogConfig: Setting CVar [[r.Shadow.PreShadowResolutionFactor:1.0]]
[2019.07.30-05.01.43:810][  0]LogConfig: Setting CVar [[r.DistanceFieldShadowing:1]]
[2019.07.30-05.01.43:810][  0]LogConfig: Setting CVar [[r.DistanceFieldAO:1]]
[2019.07.30-05.01.43:810][  0]LogConfig: Setting CVar [[r.AOQuality:2]]
[2019.07.30-05.01.43:810][  0]LogConfig: Setting CVar [[r.VolumetricFog:1]]
[2019.07.30-05.01.43:810][  0]LogConfig: Setting CVar [[r.VolumetricFog.GridPixelSize:8]]
[2019.07.30-05.01.43:810][  0]LogConfig: Setting CVar [[r.VolumetricFog.GridSizeZ:128]]
[2019.07.30-05.01.43:810][  0]LogConfig: Setting CVar [[r.VolumetricFog.HistoryMissSupersampleCount:4]]
[2019.07.30-05.01.43:810][  0]LogConfig: Setting CVar [[r.LightMaxDrawDistanceScale:1]]
[2019.07.30-05.01.43:810][  0]LogConfig: Setting CVar [[r.CapsuleShadows:1]]
[2019.07.30-05.01.43:810][  0]LogConfig: Applying CVar settings from Section [PostProcessQuality@3] File [C:/Users/Adam/Developer/Vanguard2/Vanguard2/Saved/Config/Windows/Scalability.ini]
[2019.07.30-05.01.43:810][  0]LogConfig: Setting CVar [[r.MotionBlurQuality:4]]
[2019.07.30-05.01.43:810][  0]LogConfig: Setting CVar [[r.AmbientOcclusionMipLevelFactor:0.4]]
[2019.07.30-05.01.43:810][  0]LogConfig: Setting CVar [[r.AmbientOcclusionMaxQuality:100]]
[2019.07.30-05.01.43:810][  0]LogConfig: Setting CVar [[r.AmbientOcclusionLevels:-1]]
[2019.07.30-05.01.43:811][  0]LogConfig: Setting CVar [[r.AmbientOcclusionRadiusScale:1.0]]
[2019.07.30-05.01.43:811][  0]LogConfig: Setting CVar [[r.DepthOfFieldQuality:2]]
[2019.07.30-05.01.43:811][  0]LogConfig: Setting CVar [[r.RenderTargetPoolMin:400]]
[2019.07.30-05.01.43:811][  0]LogConfig: Setting CVar [[r.LensFlareQuality:2]]
[2019.07.30-05.01.43:811][  0]LogConfig: Setting CVar [[r.SceneColorFringeQuality:1]]
[2019.07.30-05.01.43:811][  0]LogConfig: Setting CVar [[r.EyeAdaptationQuality:2]]
[2019.07.30-05.01.43:811][  0]LogConfig: Setting CVar [[r.BloomQuality:5]]
[2019.07.30-05.01.43:811][  0]LogConfig: Setting CVar [[r.FastBlurThreshold:100]]
[2019.07.30-05.01.43:811][  0]LogConfig: Setting CVar [[r.Upscale.Quality:3]]
[2019.07.30-05.01.43:811][  0]LogConfig: Setting CVar [[r.Tonemapper.GrainQuantization:1]]
[2019.07.30-05.01.43:811][  0]LogConfig: Setting CVar [[r.LightShaftQuality:1]]
[2019.07.30-05.01.43:811][  0]LogConfig: Setting CVar [[r.Filter.SizeScale:1]]
[2019.07.30-05.01.43:811][  0]LogConfig: Setting CVar [[r.Tonemapper.Quality:5]]
[2019.07.30-05.01.43:811][  0]LogConfig: Setting CVar [[r.DOF.Gather.AccumulatorQuality:1        ; higher gathering accumulator quality]]
[2019.07.30-05.01.43:811][  0]LogConfig: Setting CVar [[r.DOF.Gather.PostfilterMethod:1          ; Median3x3 postfilering method]]
[2019.07.30-05.01.43:811][  0]LogConfig: Setting CVar [[r.DOF.Gather.EnableBokehSettings:0       ; no bokeh simulation when gathering]]
[2019.07.30-05.01.43:811][  0]LogConfig: Setting CVar [[r.DOF.Gather.RingCount:4                 ; medium number of samples when gathering]]
[2019.07.30-05.01.43:811][  0]LogConfig: Setting CVar [[r.DOF.Scatter.ForegroundCompositing:1    ; additive foreground scattering]]
[2019.07.30-05.01.43:811][  0]LogConfig: Setting CVar [[r.DOF.Scatter.BackgroundCompositing:2    ; additive background scattering]]
[2019.07.30-05.01.43:811][  0]LogConfig: Setting CVar [[r.DOF.Scatter.EnableBokehSettings:1      ; bokeh simulation when scattering]]
[2019.07.30-05.01.43:811][  0]LogConfig: Setting CVar [[r.DOF.Scatter.MaxSpriteRatio:0.1         ; only a maximum of 10% of scattered bokeh]]
[2019.07.30-05.01.43:811][  0]LogConfig: Setting CVar [[r.DOF.Recombine.Quality:1                ; cheap slight out of focus]]
[2019.07.30-05.01.43:811][  0]LogConfig: Setting CVar [[r.DOF.Recombine.EnableBokehSettings:0    ; no bokeh simulation on slight out of focus]]
[2019.07.30-05.01.43:811][  0]LogConfig: Setting CVar [[r.DOF.TemporalAAQuality:1                ; more stable temporal accumulation]]
[2019.07.30-05.01.43:811][  0]LogConfig: Setting CVar [[r.DOF.Kernel.MaxForegroundRadius:0.025]]
[2019.07.30-05.01.43:811][  0]LogConfig: Setting CVar [[r.DOF.Kernel.MaxBackgroundRadius:0.025]]
[2019.07.30-05.01.43:811][  0]LogConfig: Applying CVar settings from Section [TextureQuality@3] File [C:/Users/Adam/Developer/Vanguard2/Vanguard2/Saved/Config/Windows/Scalability.ini]
[2019.07.30-05.01.43:811][  0]LogConfig: Setting CVar [[r.Streaming.MipBias:0]]
[2019.07.30-05.01.43:811][  0]LogConfig: Setting CVar [[r.Streaming.AmortizeCPUToGPUCopy:0]]
[2019.07.30-05.01.43:811][  0]LogConfig: Setting CVar [[r.Streaming.MaxNumTexturesToStreamPerFrame:0]]
[2019.07.30-05.01.43:811][  0]LogConfig: Setting CVar [[r.Streaming.Boost:1]]
[2019.07.30-05.01.43:811][  0]LogConfig: Setting CVar [[r.MaxAnisotropy:8]]
[2019.07.30-05.01.43:811][  0]LogConfig: Setting CVar [[r.Streaming.LimitPoolSizeToVRAM:0]]
[2019.07.30-05.01.43:811][  0]LogConfig: Setting CVar [[r.Streaming.PoolSize:1000]]
[2019.07.30-05.01.43:811][  0]LogConfig: Setting CVar [[r.Streaming.MaxEffectiveScreenSize:0]]
[2019.07.30-05.01.43:811][  0]LogConfig: Applying CVar settings from Section [EffectsQuality@3] File [C:/Users/Adam/Developer/Vanguard2/Vanguard2/Saved/Config/Windows/Scalability.ini]
[2019.07.30-05.01.43:811][  0]LogConfig: Setting CVar [[r.TranslucencyLightingVolumeDim:64]]
[2019.07.30-05.01.43:811][  0]LogConfig: Setting CVar [[r.RefractionQuality:2]]
[2019.07.30-05.01.43:811][  0]LogConfig: Setting CVar [[r.SSR.Quality:3]]
[2019.07.30-05.01.43:811][  0]LogConfig: Setting CVar [[r.SceneColorFormat:4]]
[2019.07.30-05.01.43:811][  0]LogConfig: Setting CVar [[r.DetailMode:2]]
[2019.07.30-05.01.43:811][  0]LogConfig: Setting CVar [[r.TranslucencyVolumeBlur:1]]
[2019.07.30-05.01.43:811][  0]LogConfig: Setting CVar [[r.MaterialQualityLevel:1 ; High quality]]
[2019.07.30-05.01.43:811][  0]LogConfig: Setting CVar [[r.SSS.Scale:1]]
[2019.07.30-05.01.43:811][  0]LogConfig: Setting CVar [[r.SSS.SampleSet:2]]
[2019.07.30-05.01.43:811][  0]LogConfig: Setting CVar [[r.SSS.Quality:1]]
[2019.07.30-05.01.43:811][  0]LogConfig: Setting CVar [[r.SSS.HalfRes:1]]
[2019.07.30-05.01.43:811][  0]LogConfig: Setting CVar [[r.EmitterSpawnRateScale:1.0]]
[2019.07.30-05.01.43:811][  0]LogConfig: Setting CVar [[r.ParticleLightQuality:2]]
[2019.07.30-05.01.43:811][  0]LogConfig: Applying CVar settings from Section [FoliageQuality@3] File [C:/Users/Adam/Developer/Vanguard2/Vanguard2/Saved/Config/Windows/Scalability.ini]
[2019.07.30-05.01.43:811][  0]LogConfig: Setting CVar [[foliage.DensityScale:1.0]]
[2019.07.30-05.01.43:811][  0]LogConfig: Setting CVar [[grass.DensityScale:1.0]]
[2019.07.30-05.01.43:811][  0]LogConfig: Applying CVar settings from Section [Startup] File [../../../Engine/Config/ConsoleVariables.ini]
[2019.07.30-05.01.43:812][  0]LogConfig: Setting CVar [[net.UseAdaptiveNetUpdateFrequency:0]]
[2019.07.30-05.01.43:812][  0]LogConfig: Setting CVar [[p.chaos.AllowCreatePhysxBodies:1]]
[2019.07.30-05.01.43:812][  0]LogConfig: Applying CVar settings from Section [ConsoleVariables] File [C:/Users/Adam/Developer/Vanguard2/Vanguard2/Saved/Config/Windows/Engine.ini]
[2019.07.30-05.01.43:812][  0]LogInit: Computer: X299-DELUXE
[2019.07.30-05.01.43:812][  0]LogInit: User: Adam
[2019.07.30-05.01.43:812][  0]LogInit: CPU Page size=4096, Cores=4
[2019.07.30-05.01.43:812][  0]LogInit: High frequency timer resolution =10.000000 MHz
[2019.07.30-05.01.43:812][  0]LogMemory: Memory total: Physical=15.9GB (16GB approx)
[2019.07.30-05.01.43:812][  0]LogMemory: Platform Memory Stats for Windows
[2019.07.30-05.01.43:812][  0]LogMemory: Process Physical Memory: 97.05 MB used, 97.05 MB peak
[2019.07.30-05.01.43:812][  0]LogMemory: Process Virtual Memory: 92.82 MB used, 92.82 MB peak
[2019.07.30-05.01.43:812][  0]LogMemory: Physical Memory: 7551.27 MB used,  8740.15 MB free, 16291.42 MB total
[2019.07.30-05.01.43:812][  0]LogMemory: Virtual Memory: 4644.68 MB used,  134213080.00 MB free, 134217728.00 MB total
[2019.07.30-05.01.43:829][  0]LogInit: Using OS detected language (en-US).
[2019.07.30-05.01.43:829][  0]LogInit: Using OS detected locale (en-US).
[2019.07.30-05.01.43:829][  0]LogTextLocalizationManager: No specific localization for 'en-US' exists, so the 'en' localization will be used.
[2019.07.30-05.01.43:995][  0]LogInit: Setting process to per monitor DPI aware
[2019.07.30-05.01.44:023][  0]LogSlate: New Slate User Created.  User Index 0, Is Virtual User: 0
[2019.07.30-05.01.44:023][  0]LogSlate: Slate User Registered.  User Index 0, Is Virtual User: 0
[2019.07.30-05.01.44:178][  0]LogD3D11RHI: D3D11 adapters:
[2019.07.30-05.01.44:285][  0]LogD3D11RHI:    0. 'NVIDIA GeForce GTX 1080' (Feature Level 11_0)
[2019.07.30-05.01.44:285][  0]LogD3D11RHI:       7988/0/8145 MB DedicatedVideo/DedicatedSystem/SharedSystem, Outputs:1, VendorId:0x10de
[2019.07.30-05.01.44:287][  0]LogD3D11RHI:    1. 'Microsoft Basic Render Driver' (Feature Level 11_0)
[2019.07.30-05.01.44:287][  0]LogD3D11RHI:       0/0/8145 MB DedicatedVideo/DedicatedSystem/SharedSystem, Outputs:0, VendorId:0x1414
[2019.07.30-05.01.44:287][  0]LogD3D11RHI: Chosen D3D11 Adapter: 0
[2019.07.30-05.01.44:296][  0]LogD3D11RHI: Creating new Direct3DDevice
[2019.07.30-05.01.44:296][  0]LogD3D11RHI:     GPU DeviceId: 0x1b80 (for the marketing name, search the web for "GPU Device Id")
[2019.07.30-05.01.44:296][  0]LogWindows: EnumDisplayDevices:
[2019.07.30-05.01.44:296][  0]LogWindows:    0. 'NVIDIA GeForce GTX 1080' (P:1 D:1)
[2019.07.30-05.01.44:297][  0]LogWindows:    1. 'NVIDIA GeForce GTX 1080' (P:0 D:0)
[2019.07.30-05.01.44:297][  0]LogWindows:    2. 'NVIDIA GeForce GTX 1080' (P:0 D:0)
[2019.07.30-05.01.44:297][  0]LogWindows:    3. 'NVIDIA GeForce GTX 1080' (P:0 D:0)
[2019.07.30-05.01.44:297][  0]LogWindows: DebugString: FoundDriverCount:4 
[2019.07.30-05.01.44:297][  0]LogD3D11RHI:     Adapter Name: NVIDIA GeForce GTX 1080
[2019.07.30-05.01.44:297][  0]LogD3D11RHI:   Driver Version: 431.60 (internal:26.21.14.3160, unified:431.60)
[2019.07.30-05.01.44:297][  0]LogD3D11RHI:      Driver Date: 7-17-2019
[2019.07.30-05.01.44:297][  0]LogRHI: Texture pool is 5591 MB (70% of 7988 MB)
[2019.07.30-05.01.44:367][  0]LogD3D11RHI: Async texture creation enabled
[2019.07.30-05.01.44:377][  0]LogRendererCore: FGlobalReadBuffer::InitRHI
[2019.07.30-05.01.44:378][  0]LogRendererCore: FGlobalReadBuffer::InitRHI
[2019.07.30-05.01.44:378][  0]LogRendererCore: FGlobalReadBuffer::InitRHI
[2019.07.30-05.01.44:387][  0]LogD3D11RHI: GPU Timing Frequency: 1000.000000 (Debug: 2 1)
[2019.07.30-05.01.44:433][  0]LogD3D11RHI: HDR output is supported on display 0 (NvId: 0x80061082).
[2019.07.30-05.01.44:734][  0]LogTemp: Display: Module 'AllDesktopTargetPlatform' loaded TargetPlatform 'AllDesktop'
[2019.07.30-05.01.44:748][  0]LogTemp: Display: Module 'MacClientTargetPlatform' loaded TargetPlatform 'MacClient'
[2019.07.30-05.01.44:763][  0]LogTemp: Display: Module 'MacNoEditorTargetPlatform' loaded TargetPlatform 'MacNoEditor'
[2019.07.30-05.01.44:779][  0]LogTemp: Display: Module 'MacServerTargetPlatform' loaded TargetPlatform 'MacServer'
[2019.07.30-05.01.44:795][  0]LogTemp: Display: Module 'MacTargetPlatform' loaded TargetPlatform 'Mac'
[2019.07.30-05.01.44:809][  0]LogTemp: Display: Module 'WindowsClientTargetPlatform' loaded TargetPlatform 'WindowsClient'
[2019.07.30-05.01.44:822][  0]LogTemp: Display: Module 'WindowsNoEditorTargetPlatform' loaded TargetPlatform 'WindowsNoEditor'
[2019.07.30-05.01.44:837][  0]LogTemp: Display: Module 'WindowsServerTargetPlatform' loaded TargetPlatform 'WindowsServer'
[2019.07.30-05.01.44:844][  0]LogTemp: Display: Module 'WindowsTargetPlatform' loaded TargetPlatform 'Windows'
[2019.07.30-05.01.44:941][  0]LogTemp: Display: Module 'AndroidTargetPlatform' loaded TargetPlatform 'Android'
[2019.07.30-05.01.44:941][  0]LogTemp: Display: Module 'AndroidTargetPlatform' loaded TargetPlatform 'Android_ASTC'
[2019.07.30-05.01.44:941][  0]LogTemp: Display: Module 'AndroidTargetPlatform' loaded TargetPlatform 'Android_ATC'
[2019.07.30-05.01.44:941][  0]LogTemp: Display: Module 'AndroidTargetPlatform' loaded TargetPlatform 'Android_DXT'
[2019.07.30-05.01.44:941][  0]LogTemp: Display: Module 'AndroidTargetPlatform' loaded TargetPlatform 'Android_ETC1'
[2019.07.30-05.01.44:941][  0]LogTemp: Display: Module 'AndroidTargetPlatform' loaded TargetPlatform 'Android_ETC1a'
[2019.07.30-05.01.44:941][  0]LogTemp: Display: Module 'AndroidTargetPlatform' loaded TargetPlatform 'Android_ETC2'
[2019.07.30-05.01.44:941][  0]LogTemp: Display: Module 'AndroidTargetPlatform' loaded TargetPlatform 'Android_PVRTC'
[2019.07.30-05.01.44:941][  0]LogTemp: Display: Module 'AndroidTargetPlatform' loaded TargetPlatform 'AndroidClient'
[2019.07.30-05.01.44:941][  0]LogTemp: Display: Module 'AndroidTargetPlatform' loaded TargetPlatform 'Android_ASTCClient'
[2019.07.30-05.01.44:941][  0]LogTemp: Display: Module 'AndroidTargetPlatform' loaded TargetPlatform 'Android_ATCClient'
[2019.07.30-05.01.44:941][  0]LogTemp: Display: Module 'AndroidTargetPlatform' loaded TargetPlatform 'Android_DXTClient'
[2019.07.30-05.01.44:941][  0]LogTemp: Display: Module 'AndroidTargetPlatform' loaded TargetPlatform 'Android_ETC1Client'
[2019.07.30-05.01.44:941][  0]LogTemp: Display: Module 'AndroidTargetPlatform' loaded TargetPlatform 'Android_ETC1aClient'
[2019.07.30-05.01.44:941][  0]LogTemp: Display: Module 'AndroidTargetPlatform' loaded TargetPlatform 'Android_ETC2Client'
[2019.07.30-05.01.44:942][  0]LogTemp: Display: Module 'AndroidTargetPlatform' loaded TargetPlatform 'Android_PVRTCClient'
[2019.07.30-05.01.44:942][  0]LogTemp: Display: Module 'AndroidTargetPlatform' loaded TargetPlatform 'Android_Multi'
[2019.07.30-05.01.44:942][  0]LogTemp: Display: Module 'AndroidTargetPlatform' loaded TargetPlatform 'Android_MultiClient'
[2019.07.30-05.01.44:943][  0]LogTemp: Display: Module 'HTML5TargetPlatform' loaded TargetPlatform 'HTML5'
[2019.07.30-05.01.44:997][  0]LogTemp: Display: Module 'IOSTargetPlatform' loaded TargetPlatform 'IOSClient'
[2019.07.30-05.01.44:997][  0]LogTemp: Display: Module 'IOSTargetPlatform' loaded TargetPlatform 'IOS'
[2019.07.30-05.01.45:024][  0]LogTemp: Display: Module 'TVOSTargetPlatform' loaded TargetPlatform 'TVOSClient'
[2019.07.30-05.01.45:024][  0]LogTemp: Display: Module 'TVOSTargetPlatform' loaded TargetPlatform 'TVOS'
[2019.07.30-05.01.45:038][  0]LogTemp: Display: Module 'LinuxClientTargetPlatform' loaded TargetPlatform 'LinuxClient'
[2019.07.30-05.01.45:054][  0]LogTemp: Display: Module 'LinuxNoEditorTargetPlatform' loaded TargetPlatform 'LinuxNoEditor'
[2019.07.30-05.01.45:070][  0]LogTemp: Display: Module 'LinuxServerTargetPlatform' loaded TargetPlatform 'LinuxServer'
[2019.07.30-05.01.45:087][  0]LogTemp: Display: Module 'LinuxTargetPlatform' loaded TargetPlatform 'Linux'
[2019.07.30-05.01.45:141][  0]LogTemp: Display: Module 'LuminTargetPlatform' loaded TargetPlatform 'Lumin'
[2019.07.30-05.01.45:141][  0]LogTemp: Display: Module 'LuminTargetPlatform' loaded TargetPlatform 'LuminClient'
[2019.07.30-05.01.45:141][  0]LogTargetPlatformManager: Display: Building Assets For Windows
[2019.07.30-05.01.45:148][  0]LogAudioDebug: Display: Lib vorbis DLL was dynamically loaded.
[2019.07.30-05.01.45:188][  0]LogShaderCompilers: Guid format shader working directory is 2 characters bigger than the processId version (C:/Users/Adam/Developer/Vanguard2/Vanguard2/Intermediate/Shaders/WorkingDirectory/7992/).
[2019.07.30-05.01.45:188][  0]LogShaderCompilers: Cleaned the shader compiler working directory 'C:/Users/Adam/AppData/Local/Temp/UnrealShaderWorkingDir/CD9E461F49530D72F15D9CA3E7D98F22/'.
[2019.07.30-05.01.45:189][  0]LogXGEController: Cannot use XGE Controller as Incredibuild is not installed on this machine.
[2019.07.30-05.01.45:189][  0]LogShaderCompilers: Cannot use XGE Shader Compiler as Incredibuild is not installed on this machine.
[2019.07.30-05.01.45:190][  0]LogShaderCompilers: Display: Using Local Shader Compiler.
[2019.07.30-05.01.45:707][  0]LogDerivedDataCache: Display: Max Cache Size: 512 MB
[2019.07.30-05.01.45:746][  0]LogDerivedDataCache: Loaded boot cache 0.04s 71MB C:/Users/Adam/AppData/Local/UnrealEngine/4.22/DerivedDataCache/Boot.ddc.
[2019.07.30-05.01.45:747][  0]LogDerivedDataCache: Display: Loaded Boot cache: C:/Users/Adam/AppData/Local/UnrealEngine/4.22/DerivedDataCache/Boot.ddc
[2019.07.30-05.01.45:747][  0]LogDerivedDataCache: FDerivedDataBackendGraph:  Pak pak cache file C:/Users/Adam/Developer/Vanguard2/Vanguard2/DerivedDataCache/DDC.ddp not found, will not use a pak cache.
[2019.07.30-05.01.45:747][  0]LogDerivedDataCache: Unable to find inner node Pak for hierarchical cache Hierarchy.
[2019.07.30-05.01.45:747][  0]LogDerivedDataCache: FDerivedDataBackendGraph:  CompressedPak pak cache file C:/Users/Adam/Developer/Vanguard2/Vanguard2/DerivedDataCache/Compressed.ddp not found, will not use a pak cache.
[2019.07.30-05.01.45:747][  0]LogDerivedDataCache: Unable to find inner node CompressedPak for hierarchical cache Hierarchy.
[2019.07.30-05.01.45:756][  0]LogDerivedDataCache: Display: Pak cache opened for reading ../../../Engine/DerivedDataCache/Compressed.ddp.
[2019.07.30-05.01.45:756][  0]LogDerivedDataCache: FDerivedDataBackendGraph:  EnterprisePak pak cache file ../../../Enterprise/DerivedDataCache/Compressed.ddp not found, will not use a pak cache.
[2019.07.30-05.01.45:756][  0]LogDerivedDataCache: Unable to find inner node EnterprisePak for hierarchical cache Hierarchy.
[2019.07.30-05.01.45:768][  0]LogDerivedDataCache: Using Local data cache path C:/Users/Adam/AppData/Local/UnrealEngine/Common/DerivedDataCache: Writable
[2019.07.30-05.01.45:768][  0]LogDerivedDataCache: Shared data cache path not found in *engine.ini, will not use an Shared cache.
[2019.07.30-05.01.45:768][  0]LogDerivedDataCache: Unable to find inner node Shared for hierarchical cache Hierarchy.
[2019.07.30-05.01.45:790][  0]LogMaterial: Verifying Global Shaders for PCD3D_SM5
[2019.07.30-05.01.45:791][  0]LogSlate: Using FreeType 2.6.0
[2019.07.30-05.01.45:791][  0]LogSlate: SlateFontServices - WITH_FREETYPE: 1, WITH_HARFBUZZ: 1
[2019.07.30-05.01.45:867][  0]LogAssetRegistry: FAssetRegistry took 0.0306 seconds to start up
[2019.07.30-05.01.46:199][  0]LogInit: Selected Device Profile: [Windows]
[2019.07.30-05.01.46:317][  0]LogMeshReduction: Using QuadricMeshReduction for automatic static mesh reduction
[2019.07.30-05.01.46:317][  0]LogMeshReduction: Using SimplygonMeshReduction for automatic skeletal mesh reduction
[2019.07.30-05.01.46:317][  0]LogMeshReduction: Using ProxyLODMeshReduction for automatic mesh merging
[2019.07.30-05.01.46:317][  0]LogMeshReduction: No distributed automatic mesh merging module available
[2019.07.30-05.01.46:317][  0]LogMeshMerging: No distributed automatic mesh merging module available
[2019.07.30-05.01.46:329][  0]LogNetVersion: Vanguard2 1.0.0, NetCL: 5660361, EngineNetVer: 10, GameNetVer: 0 (Checksum: 1915049799)
[2019.07.30-05.01.46:746][  0]LogPackageLocalizationCache: Processed 9 localized package path(s) for 1 prioritized culture(s) in 0.041731 seconds
[2019.07.30-05.01.46:752][  0]LogUObjectArray: 41958 objects as part of root set at end of initial load.
[2019.07.30-05.01.46:752][  0]LogUObjectAllocator: 7284248 out of 0 bytes used by permanent object pool.
[2019.07.30-05.01.46:752][  0]LogUObjectArray: CloseDisregardForGC: 0/0 objects in disregard for GC pool
[2019.07.30-05.01.47:508][  0]LogTcpMessaging: Initializing TcpMessaging bridge
[2019.07.30-05.01.47:537][  0]LogUdpMessaging: Initializing bridge on interface 0.0.0.0:0 to multicast group 230.0.0.1:6666.
[2019.07.30-05.01.47:850][  0]SourceControl: Source control is disabled
[2019.07.30-05.01.47:850][  0]SourceControl: Source control is disabled
[2019.07.30-05.01.47:851][  0]SourceControl: Source control is disabled
[2019.07.30-05.01.47:852][  0]SourceControl: Source control is disabled
[2019.07.30-05.01.47:929][  0]LogAndroidPermission: UAndroidPermissionCallbackProxy::GetInstance
[2019.07.30-05.01.48:055][  0]LogOcInput: OculusInput pre-init called
[2019.07.30-05.01.48:762][  0]LogEngine: Initializing Engine...
[2019.07.30-05.01.48:763][  0]LogStats: UGameplayTagsManager::InitializeManager -  0.000 s
[2019.07.30-05.01.48:963][  0]LogInit: Initializing FReadOnlyCVARCache
[2019.07.30-05.01.48:973][  0]LogAIModule: Creating AISystem for world Untitled
[2019.07.30-05.01.49:082][  0]LogInit: XAudio2 using 'AV Receiver (2- NVIDIA High Definition Audio)' : 2 channels at 48 kHz using 16 bits per sample (channel mask 0x3)
[2019.07.30-05.01.49:159][  0]LogInit: FAudioDevice initialized.
[2019.07.30-05.01.49:159][  0]LogNetVersion: Set ProjectVersion to 1.0.0.0. Version Checksum will be recalculated on next use.
[2019.07.30-05.01.49:344][  0]LogDerivedDataCache: Saved boot cache 0.19s 75MB C:/Users/Adam/AppData/Local/UnrealEngine/4.22/DerivedDataCache/Boot.ddc.
[2019.07.30-05.01.49:354][  0]LogInit: Texture streaming: Enabled
[2019.07.30-05.01.49:370][  0]LogEngineSessionManager: EngineSessionManager initialized
[2019.07.30-05.01.49:392][  0]LogInit: Transaction tracking system initialized
[2019.07.30-05.01.49:411][  0]BlueprintLog: New page: Editor Load
[2019.07.30-05.01.49:522][  0]LocalizationService: Localization service is disabled
[2019.07.30-05.01.49:874][  0]LogFileCache: Scanning file cache for directory 'C:/Users/Adam/Developer/Vanguard2/Vanguard2/Content/' took 0.02s
[2019.07.30-05.01.49:874][  0]LogCook: Display: Max memory allowance for cook 16384mb min free memory 0mb
[2019.07.30-05.01.49:874][  0]LogCook: Display: Mobile HDR setting 1
[2019.07.30-05.01.50:048][  0]SourceControl: Source control is disabled
[2019.07.30-05.01.50:048][  0]Cmd: MAP LOAD FILE="C:/Users/Adam/Developer/Vanguard2/Vanguard2/Content/ThirdPersonCPP/Maps/ThirdPersonExampleMap.umap" TEMPLATE=0 SHOWPROGRESS=1 FEATURELEVEL=3
[2019.07.30-05.01.50:048][  0]LightingResults: New page: Lighting Build
[2019.07.30-05.01.50:050][  0]MapCheck: New page: Map Check
[2019.07.30-05.01.50:050][  0]LightingResults: New page: Lighting Build
[2019.07.30-05.01.50:089][  0]LogUObjectHash: Compacting FUObjectHashTables data took   2.02ms
[2019.07.30-05.01.50:173][  0]LogTexture: Display: Building textures: LQ_Lightmap_0_3 (DXT1, 64X64)
[2019.07.30-05.01.50:174][  0]LogTexture: Display: Building textures: HQ_Lightmap0_3 (AutoDXT, 64X64)
[2019.07.30-05.01.50:174][  0]LogTexture: Display: Building textures: LQ_Lightmap_0_2 (DXT1, 512X512)
[2019.07.30-05.01.50:174][  0]LogTexture: Display: Building textures: SkyOcclusion0_2 (AutoDXT, 512X256)
[2019.07.30-05.01.50:174][  0]LogTexture: Display: Building textures: HQ_Lightmap0_2 (AutoDXT, 512X512)
[2019.07.30-05.01.50:174][  0]LogTexture: Display: Building textures: SkyOcclusion0_1 (AutoDXT, 1024X512)
[2019.07.30-05.01.50:174][  0]LogTexture: Display: Building textures: LQ_Lightmap_0_1 (DXT1, 1024X1024)
[2019.07.30-05.01.50:499][  0]LogTexture: Display: Building textures: HQ_Lightmap0_1 (AutoDXT, 1024X1024)
[2019.07.30-05.01.50:499][  0]LogTexture: Display: Building textures: SkyOcclusion0_3 (AutoDXT, 64X32)
[2019.07.30-05.01.50:499][  0]LogTexture: Display: Building textures: ShadowMapTexture2D_0 (G8, 2048X1024)
[2019.07.30-05.01.50:499][  0]LogTexture: Display: Building textures: ShadowMapTexture2D_1 (G8, 64X32)
[2019.07.30-05.01.50:499][  0]LogAIModule: Creating AISystem for world ThirdPersonExampleMap
[2019.07.30-05.01.50:510][  0]LogEditorServer: Finished looking for orphan Actors (0.000 secs)
[2019.07.30-05.01.50:605][  0]LogUObjectHash: Compacting FUObjectHashTables data took   2.12ms
[2019.07.30-05.01.50:606][  0]Cmd: MAP CHECKDEP NOCLEARLOG
[2019.07.30-05.01.50:606][  0]MapCheck: Map check complete: 0 Error(s), 0 Warning(s), took 0.11ms to complete.
[2019.07.30-05.01.50:606][  0]LogFileHelpers: Loading map 'ThirdPersonExampleMap' took 0.558
[2019.07.30-05.01.50:743][  0]LogSlate: Updating window title bar state: overlay mode, drag disabled, window buttons hidden, title bar hidden
[2019.07.30-05.01.50:751][  0]LogSlate: Updating window title bar state: overlay mode, drag disabled, window buttons hidden, title bar hidden
[2019.07.30-05.01.50:759][  0]LogSlate: Updating window title bar state: overlay mode, drag disabled, window buttons hidden, title bar hidden
[2019.07.30-05.01.50:767][  0]LogSlate: Updating window title bar state: overlay mode, drag disabled, window buttons hidden, title bar hidden
[2019.07.30-05.01.50:774][  0]LogCollectionManager: Loaded 0 collections in 0.000890 seconds
[2019.07.30-05.01.50:820][  0]LogFileCache: Scanning file cache for directory 'C:/Users/Adam/Developer/Vanguard2/Vanguard2/Saved/Collections/' took 0.01s
[2019.07.30-05.01.50:820][  0]LogFileCache: Scanning file cache for directory 'C:/Users/Adam/Developer/Vanguard2/Vanguard2/Content/Developers/Adam/Collections/' took 0.01s
[2019.07.30-05.01.50:820][  0]LogFileCache: Scanning file cache for directory 'C:/Users/Adam/Developer/Vanguard2/Vanguard2/Content/Collections/' took 0.01s
[2019.07.30-05.01.50:820][  0]LogCollectionManager: Rebuilt the GUID cache for 0 collections in 0.000000 seconds
[2019.07.30-05.01.50:830][  0]LogContentBrowser: Native class hierarchy populated in 0.0096 seconds. Added 2731 classes and 656 folders.
[2019.07.30-05.01.50:835][  0]LogContentBrowser: Native class hierarchy updated for 'WidgetCarousel' in 0.0003 seconds. Added 0 classes and 0 folders.
[2019.07.30-05.01.50:836][  0]LogPakFile: Registered encryption key '00000000000000000000000000000000': 0 pak files mounted, 0 remain pending
[2019.07.30-05.01.50:838][  0]LogPakFile: Registered encryption key '00000000000000000000000000000000': 0 pak files mounted, 0 remain pending
[2019.07.30-05.01.50:838][  0]LogPakFile: Registered encryption key '00000000000000000000000000000000': 0 pak files mounted, 0 remain pending
[2019.07.30-05.01.50:838][  0]LogPakFile: Registered encryption key '00000000000000000000000000000000': 0 pak files mounted, 0 remain pending
[2019.07.30-05.01.50:838][  0]LogPakFile: Registered encryption key '00000000000000000000000000000000': 0 pak files mounted, 0 remain pending
[2019.07.30-05.01.50:839][  0]LogPakFile: Registered encryption key '00000000000000000000000000000000': 0 pak files mounted, 0 remain pending
[2019.07.30-05.01.50:839][  0]LogPakFile: Registered encryption key '00000000000000000000000000000000': 0 pak files mounted, 0 remain pending
[2019.07.30-05.01.50:839][  0]LogPakFile: Registered encryption key '00000000000000000000000000000000': 0 pak files mounted, 0 remain pending
[2019.07.30-05.01.50:840][  0]LogPakFile: Registered encryption key '00000000000000000000000000000000': 0 pak files mounted, 0 remain pending
[2019.07.30-05.01.50:840][  0]LogPakFile: Registered encryption key '00000000000000000000000000000000': 0 pak files mounted, 0 remain pending
[2019.07.30-05.01.50:841][  0]LogPakFile: Registered encryption key '00000000000000000000000000000000': 0 pak files mounted, 0 remain pending
[2019.07.30-05.01.50:841][  0]LogPakFile: Registered encryption key '00000000000000000000000000000000': 0 pak files mounted, 0 remain pending
[2019.07.30-05.01.50:841][  0]LogPakFile: Registered encryption key '00000000000000000000000000000000': 0 pak files mounted, 0 remain pending
[2019.07.30-05.01.50:842][  0]LogPakFile: Registered encryption key '00000000000000000000000000000000': 0 pak files mounted, 0 remain pending
[2019.07.30-05.01.50:842][  0]LogPakFile: Registered encryption key '00000000000000000000000000000000': 0 pak files mounted, 0 remain pending
[2019.07.30-05.01.50:843][  0]LogPakFile: Registered encryption key '00000000000000000000000000000000': 0 pak files mounted, 0 remain pending
[2019.07.30-05.01.50:843][  0]LogPakFile: Registered encryption key '00000000000000000000000000000000': 0 pak files mounted, 0 remain pending
[2019.07.30-05.01.50:843][  0]LogPakFile: Registered encryption key '00000000000000000000000000000000': 0 pak files mounted, 0 remain pending
[2019.07.30-05.01.50:844][  0]LogPakFile: Registered encryption key '00000000000000000000000000000000': 0 pak files mounted, 0 remain pending
[2019.07.30-05.01.50:844][  0]LogPakFile: Registered encryption key '00000000000000000000000000000000': 0 pak files mounted, 0 remain pending
[2019.07.30-05.01.50:845][  0]LogPakFile: Registered encryption key '00000000000000000000000000000000': 0 pak files mounted, 0 remain pending
[2019.07.30-05.01.50:845][  0]LogPakFile: Registered encryption key '00000000000000000000000000000000': 0 pak files mounted, 0 remain pending
[2019.07.30-05.01.50:846][  0]LogPakFile: Registered encryption key '00000000000000000000000000000000': 0 pak files mounted, 0 remain pending
[2019.07.30-05.01.50:846][  0]LogPakFile: Registered encryption key '00000000000000000000000000000000': 0 pak files mounted, 0 remain pending
[2019.07.30-05.01.50:847][  0]LogPakFile: Registered encryption key '00000000000000000000000000000000': 0 pak files mounted, 0 remain pending
[2019.07.30-05.01.50:847][  0]LogPakFile: Registered encryption key '00000000000000000000000000000000': 0 pak files mounted, 0 remain pending
[2019.07.30-05.01.50:866][  0]LogContentBrowser: Native class hierarchy updated for 'AddContentDialog' in 0.0002 seconds. Added 0 classes and 0 folders.
[2019.07.30-05.01.51:101][  0]LogContentBrowser: Native class hierarchy updated for 'SceneOutliner' in 0.0003 seconds. Added 1 classes and 2 folders.
[2019.07.30-05.01.51:158][  0]LogSlate: Took 0.000109 seconds to synchronously load lazily loaded font '../../../Engine/Content/Slate/Fonts/Roboto-Regular.ttf' (155K)
[2019.07.30-05.01.51:160][  0]LogSlate: Took 0.000119 seconds to synchronously load lazily loaded font '../../../Engine/Content/Slate/Fonts/Roboto-Bold.ttf' (160K)
[2019.07.30-05.01.51:170][  0]LogSlate: Took 0.005646 seconds to synchronously load lazily loaded font '../../../Engine/Content/Editor/Slate/Fonts/FontAwesome.ttf' (139K)
[2019.07.30-05.01.51:179][  0]LogSlate: Took 0.005551 seconds to synchronously load lazily loaded font '../../../Engine/Content/Slate/Fonts/DroidSansMono.ttf' (77K)
[2019.07.30-05.01.51:314][  0]LogRenderer: Reallocating scene render targets to support 824x460 Format 10 NumSamples 1 (Frame:1).
[2019.07.30-05.01.51:952][  0]LogContentBrowser: Native class hierarchy updated for 'HierarchicalLODOutliner' in 0.0003 seconds. Added 0 classes and 0 folders.
[2019.07.30-05.01.51:953][  0]LogLoad: (Engine Initialization) Total time: 9.37 seconds
[2019.07.30-05.01.51:953][  0]LogLoad: (Engine Initialization) Total Blueprint compile time: 0.00 seconds
[2019.07.30-05.01.52:050][  0]LogContentStreaming: Texture pool size now 1000 MB
[2019.07.30-05.01.57:282][413]LogAssetRegistry: Asset discovery search completed in 11.4382 seconds
[2019.07.30-05.01.57:285][413]LogCollectionManager: Rebuilt the object cache for 0 collections in 0.000000 seconds (found 0 objects)
[2019.07.30-05.01.57:285][413]LogCollectionManager: Fixed up redirectors for 0 collections in 0.000180 seconds (updated 0 objects)
[2019.07.30-05.02.07:296][443]LogSlate: FSceneViewport::OnFocusLost() reason 2
[2019.07.30-05.02.17:433][515]LogSlate: FSceneViewport::OnFocusLost() reason 2
[2019.07.30-05.02.22:972][945]LogSlate: FSceneViewport::OnFocusLost() reason 2
[2019.07.30-05.02.25:678][211]LogSlate: FSceneViewport::OnFocusLost() reason 2
[2019.07.30-05.02.31:216][726]LogSlate: Took 0.000116 seconds to synchronously load lazily loaded font '../../../Engine/Content/Slate/Fonts/Roboto-Light.ttf' (167K)
[2019.07.30-05.02.34:173][854]LogSlate: Window 'Message' being destroyed
[2019.07.30-05.02.34:245][854]LogSlate: FSceneViewport::OnFocusLost() reason 2
[2019.07.30-05.02.36:855][854]LogSlate: Window 'Message' being destroyed
[2019.07.30-05.02.39:016][ 80]LogSlate: FSceneViewport::OnFocusLost() reason 0
[2019.07.30-05.02.39:143][ 93]Cmd: CLOSE_SLATE_MAINFRAME
[2019.07.30-05.02.39:161][ 93]LogUObjectHash: Compacting FUObjectHashTables data took   0.72ms
[2019.07.30-05.02.39:248][ 93]LogSlate: Window 'Output Log' being destroyed
[2019.07.30-05.02.39:298][ 93]LogSlate: Window 'Editor Preferences' being destroyed
[2019.07.30-05.02.39:503][ 93]LogSlate: Window 'Vanguard2 - Unreal Editor' being destroyed
[2019.07.30-05.02.39:802][ 94]Cmd: QUIT_EDITOR
[2019.07.30-05.02.39:891][ 94]LogWindowsTextInputMethodSystem: Display: IME system now deactivated.
[2019.07.30-05.02.39:906][ 94]LogExit: Preparing to exit.
[2019.07.30-05.02.40:628][ 94]LogExit: Editor shut down
[2019.07.30-05.02.40:628][ 94]LogExit: Transaction tracking system shut down
[2019.07.30-05.02.40:791][ 94]LogExit: Object subsystem successfully closed.
[2019.07.30-05.02.40:816][ 94]LogShaderCompilers: Display: Shaders left to compile 0
[2019.07.30-05.02.40:824][ 94]LogD3D11RHI: Shutdown
[2019.07.30-05.02.40:824][ 94]LogD3D11RHI: CleanupD3DDevice
[2019.07.30-05.02.40:824][ 94]LogRendererCore: FGlobalReadBuffer::ReleaseRHI
[2019.07.30-05.02.40:824][ 94]LogRendererCore: FGlobalDynamicReadBuffer::Cleanup()
[2019.07.30-05.02.40:824][ 94]LogRendererCore: FGlobalReadBuffer::ReleaseRHI
[2019.07.30-05.02.40:824][ 94]LogRendererCore: FGlobalDynamicReadBuffer::Cleanup()
[2019.07.30-05.02.40:824][ 94]LogRendererCore: FGlobalReadBuffer::ReleaseRHI
[2019.07.30-05.02.40:824][ 94]LogRendererCore: FGlobalDynamicReadBuffer::Cleanup()
[2019.07.30-05.02.41:005][ 94]LogD3D11RHI: ~FD3D11DynamicRHI
[2019.07.30-05.02.41:032][ 94]LogModuleManager: Shutting down and abandoning module HierarchicalLODOutliner (640)
[2019.07.30-05.02.41:032][ 94]LogModuleManager: Shutting down and abandoning module SceneOutliner (638)
[2019.07.30-05.02.41:032][ 94]LogModuleManager: Shutting down and abandoning module AddContentDialog (636)
[2019.07.30-05.02.41:032][ 94]LogModuleManager: Shutting down and abandoning module WidgetCarousel (635)
[2019.07.30-05.02.41:033][ 94]LogModuleManager: Shutting down and abandoning module EditorWidgets (632)
[2019.07.30-05.02.41:033][ 94]LogModuleManager: Shutting down and abandoning module CollectionManager (630)
[2019.07.30-05.02.41:034][ 94]LogModuleManager: Shutting down and abandoning module StatsViewer (628)
[2019.07.30-05.02.41:034][ 94]LogModuleManager: Shutting down and abandoning module FoliageEdit (626)
[2019.07.30-05.02.41:034][ 94]LogModuleManager: Shutting down and abandoning module LandscapeEditor (624)
[2019.07.30-05.02.41:035][ 94]LogModuleManager: Shutting down and abandoning module MeshPaintMode (622)
[2019.07.30-05.02.41:035][ 94]LogModuleManager: Shutting down and abandoning module SceneDepthPickerMode (620)
[2019.07.30-05.02.41:035][ 94]LogModuleManager: Shutting down and abandoning module ActorPickerMode (618)
[2019.07.30-05.02.41:035][ 94]LogModuleManager: Shutting down and abandoning module GeometryMode (616)
[2019.07.30-05.02.41:035][ 94]LogModuleManager: Shutting down and abandoning module TextureAlignMode (614)
[2019.07.30-05.02.41:035][ 94]LogModuleManager: Shutting down and abandoning module BspMode (612)
[2019.07.30-05.02.41:035][ 94]LogModuleManager: Shutting down and abandoning module PIEPreviewDeviceProfileSelector (610)
[2019.07.30-05.02.41:035][ 94]LogModuleManager: Shutting down and abandoning module SequenceRecorderSections (608)
[2019.07.30-05.02.41:035][ 94]LogModuleManager: Shutting down and abandoning module AutomationWorker (606)
[2019.07.30-05.02.41:035][ 94]LogModuleManager: Shutting down and abandoning module OculusMR (604)
[2019.07.30-05.02.41:035][ 94]LogModuleManager: Shutting down and abandoning module AudioCaptureEditor (602)
[2019.07.30-05.02.41:035][ 94]LogModuleManager: Shutting down and abandoning module MatineeToLevelSequence (600)
[2019.07.30-05.02.41:035][ 94]LogModuleManager: Shutting down and abandoning module LevelSequenceEditor (598)
[2019.07.30-05.02.41:035][ 94]LogModuleManager: Shutting down and abandoning module PlacementMode (597)
[2019.07.30-05.02.41:035][ 94]LogModuleManager: Shutting down and abandoning module MaterialEditor (596)
[2019.07.30-05.02.41:035][ 94]LogModuleManager: Shutting down and abandoning module ActorSequenceEditor (592)
[2019.07.30-05.02.41:035][ 94]LogModuleManager: Shutting down and abandoning module WmfMediaFactory (590)
[2019.07.30-05.02.41:035][ 94]LogModuleManager: Shutting down and abandoning module WmfMediaEditor (588)
[2019.07.30-05.02.41:035][ 94]LogModuleManager: Shutting down and abandoning module WebMMediaFactory (586)
[2019.07.30-05.02.41:035][ 94]LogModuleManager: Shutting down and abandoning module WebMMediaEditor (584)
[2019.07.30-05.02.41:035][ 94]LogModuleManager: Shutting down and abandoning module WebMMedia (582)
[2019.07.30-05.02.41:035][ 94]LogModuleManager: Shutting down and abandoning module MediaPlayerEditor (580)
[2019.07.30-05.02.41:035][ 94]LogModuleManager: Shutting down and abandoning module MediaCompositingEditor (578)
[2019.07.30-05.02.41:035][ 94]LogModuleManager: Shutting down and abandoning module SequenceRecorder (577)
[2019.07.30-05.02.41:035][ 94]LogModuleManager: Shutting down and abandoning module OpenExrWrapper (574)
[2019.07.30-05.02.41:035][ 94]LogModuleManager: Shutting down and abandoning module ImgMediaFactory (572)
[2019.07.30-05.02.41:035][ 94]LogModuleManager: Shutting down and abandoning module ImgMediaEditor (570)
[2019.07.30-05.02.41:035][ 94]LogModuleManager: Shutting down and abandoning module AvfMediaFactory (568)
[2019.07.30-05.02.41:036][ 94]LogModuleManager: Shutting down and abandoning module AvfMediaEditor (566)
[2019.07.30-05.02.41:038][ 94]LogModuleManager: Shutting down and abandoning module AndroidMediaFactory (564)
[2019.07.30-05.02.41:038][ 94]LogModuleManager: Shutting down and abandoning module AndroidMediaEditor (562)
[2019.07.30-05.02.41:038][ 94]LogModuleManager: Shutting down and abandoning module MagicLeapCameraPreviewFactory (560)
[2019.07.30-05.02.41:038][ 94]LogModuleManager: Shutting down and abandoning module MagicLeapMediaCodecFactory (558)
[2019.07.30-05.02.41:038][ 94]LogModuleManager: Shutting down and abandoning module MagicLeapMediaFactory (556)
[2019.07.30-05.02.41:038][ 94]LogModuleManager: Shutting down and abandoning module MagicLeapMediaEditor (554)
[2019.07.30-05.02.41:038][ 94]LogModuleManager: Shutting down and abandoning module CharacterAI (552)
[2019.07.30-05.02.41:038][ 94]LogModuleManager: Shutting down and abandoning module SmartSnapping (550)
[2019.07.30-05.02.41:039][ 94]LogModuleManager: Shutting down and abandoning module SessionServices (548)
[2019.07.30-05.02.41:039][ 94]LogModuleManager: Shutting down and abandoning module MeshPaint (546)
[2019.07.30-05.02.41:039][ 94]LogModuleManager: Shutting down and abandoning module ViewportSnapping (544)
[2019.07.30-05.02.41:039][ 94]LogModuleManager: Shutting down and abandoning module ViewportInteraction (542)
[2019.07.30-05.02.41:039][ 94]LogModuleManager: Shutting down and abandoning module ClothPainter (540)
[2019.07.30-05.02.41:039][ 94]LogModuleManager: Shutting down and abandoning module SkeletalMeshEditor (539)
[2019.07.30-05.02.41:039][ 94]LogModuleManager: Shutting down and abandoning module LogVisualizer (536)
[2019.07.30-05.02.41:039][ 94]LogModuleManager: Shutting down and abandoning module IntroTutorials (534)
[2019.07.30-05.02.41:039][ 94]LogModuleManager: Shutting down and abandoning module GameProjectGeneration (533)
[2019.07.30-05.02.41:039][ 94]LogModuleManager: Shutting down and abandoning module LuminPlatformEditor (530)
[2019.07.30-05.02.41:039][ 94]LogModuleManager: Shutting down and abandoning module IOSPlatformEditor (528)
[2019.07.30-05.02.41:039][ 94]LogModuleManager: Shutting down and abandoning module HTML5PlatformEditor (526)
[2019.07.30-05.02.41:039][ 94]LogModuleManager: Shutting down and abandoning module AndroidPlatformEditor (524)
[2019.07.30-05.02.41:039][ 94]LogModuleManager: Shutting down and abandoning module AndroidDeviceDetection (523)
[2019.07.30-05.02.41:690][ 94]LogModuleManager: Shutting down and abandoning module WindowsPlatformEditor (520)
[2019.07.30-05.02.41:690][ 94]LogModuleManager: Shutting down and abandoning module LuminRuntimeSettings (518)
[2019.07.30-05.02.41:691][ 94]LogModuleManager: Shutting down and abandoning module IOSRuntimeSettings (516)
[2019.07.30-05.02.41:691][ 94]LogModuleManager: Shutting down and abandoning module AndroidRuntimeSettings (514)
[2019.07.30-05.02.41:691][ 94]LogModuleManager: Shutting down and abandoning module TimeManagementEditor (512)
[2019.07.30-05.02.41:691][ 94]LogModuleManager: Shutting down and abandoning module InputBindingEditor (510)
[2019.07.30-05.02.41:691][ 94]LogModuleManager: Shutting down and abandoning module MergeActors (508)
[2019.07.30-05.02.41:691][ 94]LogModuleManager: Shutting down and abandoning module LocalizationDashboard (506)
[2019.07.30-05.02.41:691][ 94]LogModuleManager: Shutting down and abandoning module LocalizationService (505)
[2019.07.30-05.02.41:691][ 94]LogModuleManager: Shutting down and abandoning module HardwareTargeting (502)
[2019.07.30-05.02.41:691][ 94]LogModuleManager: Shutting down and abandoning module DeviceProfileEditor (500)
[2019.07.30-05.02.41:691][ 94]LogModuleManager: Shutting down and abandoning module UndoHistory (498)
[2019.07.30-05.02.41:691][ 94]LogModuleManager: Shutting down and abandoning module XmlParser (496)
[2019.07.30-05.02.41:691][ 94]LogModuleManager: Shutting down and abandoning module Blutility (494)
[2019.07.30-05.02.41:691][ 94]LogModuleManager: Shutting down and abandoning module ProjectSettingsViewer (492)
[2019.07.30-05.02.41:691][ 94]LogModuleManager: Shutting down and abandoning module ProjectTargetPlatformEditor (491)
[2019.07.30-05.02.41:691][ 94]LogModuleManager: Shutting down and abandoning module EditorSettingsViewer (488)
[2019.07.30-05.02.41:691][ 94]LogModuleManager: Shutting down and abandoning module SettingsEditor (486)
[2019.07.30-05.02.41:691][ 94]LogModuleManager: Shutting down and abandoning module ProjectLauncher (484)
[2019.07.30-05.02.41:691][ 94]LogModuleManager: Shutting down and abandoning module SessionFrontend (482)
[2019.07.30-05.02.41:691][ 94]LogModuleManager: Shutting down and abandoning module ProfilerClient (480)
[2019.07.30-05.02.41:691][ 94]LogModuleManager: Shutting down and abandoning module DeviceManager (478)
[2019.07.30-05.02.41:691][ 94]LogModuleManager: Shutting down and abandoning module TargetDeviceServices (477)
[2019.07.30-05.02.41:735][ 94]LogModuleManager: Shutting down and abandoning module AutomationController (474)
[2019.07.30-05.02.41:735][ 94]LogModuleManager: Shutting down and abandoning module AutomationWindow (472)
[2019.07.30-05.02.41:735][ 94]LogModuleManager: Shutting down and abandoning module Layers (470)
[2019.07.30-05.02.41:736][ 94]LogModuleManager: Shutting down and abandoning module ComponentVisualizers (468)
[2019.07.30-05.02.41:736][ 94]LogModuleManager: Shutting down and abandoning module DetailCustomizations (466)
[2019.07.30-05.02.41:736][ 94]LogModuleManager: Shutting down and abandoning module PackagesDialog (464)
[2019.07.30-05.02.41:736][ 94]LogModuleManager: Shutting down and abandoning module AnimationBlueprintEditor (462)
[2019.07.30-05.02.41:736][ 94]LogModuleManager: Shutting down and abandoning module Persona (460)
[2019.07.30-05.02.41:736][ 94]LogModuleManager: Shutting down and abandoning module AdvancedPreviewScene (459)
[2019.07.30-05.02.41:736][ 94]LogModuleManager: Shutting down and abandoning module AnimGraph (457)
[2019.07.30-05.02.41:736][ 94]LogModuleManager: Shutting down and abandoning module Kismet (454)
[2019.07.30-05.02.41:736][ 94]LogModuleManager: Shutting down and abandoning module GraphEditor (452)
[2019.07.30-05.02.41:739][ 94]LogModuleManager: Shutting down and abandoning module ClassViewer (450)
[2019.07.30-05.02.41:739][ 94]LogModuleManager: Shutting down and abandoning module Toolbox (448)
[2019.07.30-05.02.41:739][ 94]LogModuleManager: Shutting down and abandoning module DesktopPlatform (447)
[2019.07.30-05.02.41:739][ 94]LogModuleManager: Shutting down and abandoning module ModuleUI (444)
[2019.07.30-05.02.41:739][ 94]LogModuleManager: Shutting down and abandoning module MovieSceneTools (442)
[2019.07.30-05.02.41:739][ 94]LogModuleManager: Shutting down and abandoning module OutputLog (440)
[2019.07.30-05.02.41:739][ 94]LogModuleManager: Shutting down and abandoning module GammaUI (438)
[2019.07.30-05.02.41:739][ 94]LogModuleManager: Shutting down and abandoning module Documentation (436)
[2019.07.30-05.02.41:739][ 94]LogModuleManager: Shutting down and abandoning module LiveCoding (434)
[2019.07.30-05.02.41:740][ 94]LogModuleManager: Shutting down and abandoning module LevelSequence (432)
[2019.07.30-05.02.41:741][ 94]LogModuleManager: Shutting down and abandoning module MovieSceneTracks (430)
[2019.07.30-05.02.41:741][ 94]LogModuleManager: Shutting down and abandoning module MovieScene (428)
[2019.07.30-05.02.41:741][ 94]LogModuleManager: Shutting down and abandoning module StreamingPauseRendering (426)
[2019.07.30-05.02.41:741][ 94]LogModuleManager: Shutting down and abandoning module LauncherPlatform (424)
[2019.07.30-05.02.41:741][ 94]LogModuleManager: Shutting down and abandoning module AnalyticsET (422)
[2019.07.30-05.02.41:741][ 94]LogModuleManager: Shutting down and abandoning module PortalServices (420)
[2019.07.30-05.02.41:741][ 94]LogModuleManager: Shutting down and abandoning module PortalRpc (418)
[2019.07.30-05.02.41:741][ 94]LogModuleManager: Shutting down and abandoning module MessagingRpc (416)
[2019.07.30-05.02.41:741][ 94]LogModuleManager: Shutting down and abandoning module AIModule (414)
[2019.07.30-05.02.41:741][ 94]LogModuleManager: Shutting down and abandoning module GameplayDebugger (413)
[2019.07.30-05.02.41:741][ 94]LogModuleManager: Shutting down and abandoning module AITestSuite (411)
[2019.07.30-05.02.41:741][ 94]LogModuleManager: Shutting down and abandoning module NavigationSystem (409)
[2019.07.30-05.02.41:741][ 94]LogModuleManager: Shutting down and abandoning module ImageWriteQueue (406)
[2019.07.30-05.02.41:746][ 94]LogModuleManager: Shutting down and abandoning module ProfilerService (404)
[2019.07.30-05.02.41:838][ 94]LogModuleManager: Shutting down and abandoning module TaskGraph (402)
[2019.07.30-05.02.41:838][ 94]LogModuleManager: Shutting down and abandoning module ProceduralMeshComponentEditor (400)
[2019.07.30-05.02.41:838][ 94]LogModuleManager: Shutting down and abandoning module ProceduralMeshComponent (398)
[2019.07.30-05.02.41:838][ 94]LogModuleManager: Shutting down and abandoning module OculusEditor (396)
[2019.07.30-05.02.41:838][ 94]LogModuleManager: Shutting down and abandoning module OculusInput (394)
[2019.07.30-05.02.41:838][ 94]LogModuleManager: Shutting down and abandoning module MobilePatchingUtils (392)
[2019.07.30-05.02.41:838][ 94]LogModuleManager: Shutting down and abandoning module EditableMesh (390)
[2019.07.30-05.02.41:838][ 94]LogModuleManager: Shutting down and abandoning module CustomMeshComponent (388)
[2019.07.30-05.02.41:838][ 94]LogModuleManager: Shutting down and abandoning module CableComponent (386)
[2019.07.30-05.02.41:838][ 94]LogModuleManager: Shutting down and abandoning module AudioCapture (384)
[2019.07.30-05.02.41:838][ 94]LogModuleManager: Shutting down and abandoning module ArchVisCharacter (382)
[2019.07.30-05.02.41:838][ 94]LogModuleManager: Shutting down and abandoning module AndroidPermission (380)
[2019.07.30-05.02.41:838][ 94]LogModuleManager: Shutting down and abandoning module NUTUnrealEngine4 (378)
[2019.07.30-05.02.41:838][ 94]LogModuleManager: Shutting down and abandoning module NetcodeUnitTest (376)
[2019.07.30-05.02.41:838][ 94]LogModuleManager: Shutting down and abandoning module MediaCompositing (374)
[2019.07.30-05.02.41:838][ 94]LogModuleManager: Shutting down and abandoning module LinearTimecode (372)
[2019.07.30-05.02.41:838][ 94]LogModuleManager: Shutting down and abandoning module ImgMedia (370)
[2019.07.30-05.02.41:838][ 94]LogModuleManager: Shutting down and abandoning module MagicLeapHelperVulkan (368)
[2019.07.30-05.02.41:838][ 94]LogModuleManager: Shutting down and abandoning module MagicLeapHelperOpenGL (366)
[2019.07.30-05.02.41:838][ 94]LogModuleManager: Shutting down and abandoning module MagicLeapAudio (364)
[2019.07.30-05.02.41:838][ 94]LogModuleManager: Shutting down and abandoning module HTML5Networking (362)
[2019.07.30-05.02.41:838][ 94]LogModuleManager: Shutting down and abandoning module GeometryCacheTracks (360)
[2019.07.30-05.02.41:838][ 94]LogModuleManager: Shutting down and abandoning module GeometryCacheSequencer (358)
[2019.07.30-05.02.41:838][ 94]LogModuleManager: Shutting down and abandoning module BackChannel (356)
[2019.07.30-05.02.41:838][ 94]LogModuleManager: Shutting down and abandoning module AppleVision (354)
[2019.07.30-05.02.41:838][ 94]LogModuleManager: Shutting down and abandoning module AppleImageUtilsBlueprintSupport (352)
[2019.07.30-05.02.41:838][ 94]LogModuleManager: Shutting down and abandoning module AppleImageUtils (350)
[2019.07.30-05.02.41:838][ 94]LogModuleManager: Shutting down and abandoning module AlembicImporter (348)
[2019.07.30-05.02.41:838][ 94]LogModuleManager: Shutting down and abandoning module AlembicLibrary (347)
[2019.07.30-05.02.41:839][ 94]LogModuleManager: Shutting down and abandoning module GeometryCache (346)
[2019.07.30-05.02.41:839][ 94]LogModuleManager: Shutting down and abandoning module GeometryCacheEd (345)
[2019.07.30-05.02.41:839][ 94]LogModuleManager: Shutting down and abandoning module VariantManagerContent (340)
[2019.07.30-05.02.41:839][ 94]LogModuleManager: Shutting down and abandoning module DatasmithContentEditor (338)
[2019.07.30-05.02.41:839][ 94]LogModuleManager: Shutting down and abandoning module SpeedTreeImporter (336)
[2019.07.30-05.02.41:839][ 94]LogModuleManager: Shutting down and abandoning module PluginBrowser (334)
[2019.07.30-05.02.41:839][ 94]LogModuleManager: Shutting down and abandoning module MobileLauncherProfileWizard (332)
[2019.07.30-05.02.41:839][ 94]LogModuleManager: Shutting down and abandoning module MaterialAnalyzer (330)
[2019.07.30-05.02.41:839][ 94]LogModuleManager: Shutting down and abandoning module CryptoKeysOpenSSL (328)
[2019.07.30-05.02.41:839][ 94]LogModuleManager: Shutting down and abandoning module CryptoKeys (326)
[2019.07.30-05.02.41:839][ 94]LogModuleManager: Shutting down and abandoning module VisualStudioSourceCodeAccess (324)
[2019.07.30-05.02.41:839][ 94]LogModuleManager: Shutting down and abandoning module VisualStudioCodeSourceCodeAccess (322)
[2019.07.30-05.02.41:839][ 94]LogModuleManager: Shutting down and abandoning module UObjectPlugin (320)
[2019.07.30-05.02.41:839][ 94]LogModuleManager: Shutting down and abandoning module SubversionSourceControl (318)
[2019.07.30-05.02.41:839][ 94]LogModuleManager: Shutting down and abandoning module PerforceSourceControl (316)
[2019.07.30-05.02.41:839][ 94]LogModuleManager: Shutting down and abandoning module GitSourceControl (314)
[2019.07.30-05.02.41:839][ 94]LogModuleManager: Shutting down and abandoning module SourceControl (313)
[2019.07.30-05.02.41:839][ 94]LogModuleManager: Shutting down and abandoning module CLionSourceCodeAccess (310)
[2019.07.30-05.02.41:839][ 94]LogModuleManager: Shutting down and abandoning module AnimationSharingEd (308)
[2019.07.30-05.02.41:839][ 94]LogModuleManager: Shutting down and abandoning module ActorLayerUtilitiesEditor (306)
[2019.07.30-05.02.41:839][ 94]LogModuleManager: Shutting down and abandoning module ActorLayerUtilities (304)
[2019.07.30-05.02.41:839][ 94]LogModuleManager: Shutting down and abandoning module LightPropagationVolumeEditor (302)
[2019.07.30-05.02.41:839][ 94]LogModuleManager: Shutting down and abandoning module PaperTiledImporter (300)
[2019.07.30-05.02.41:839][ 94]LogModuleManager: Shutting down and abandoning module PaperSpriteSheetImporter (298)
[2019.07.30-05.02.41:839][ 94]LogModuleManager: Shutting down and abandoning module Paper2DEditor (296)
[2019.07.30-05.02.41:839][ 94]LogModuleManager: Shutting down and abandoning module Vanguard2 (294)
[2019.07.30-05.02.41:839][ 94]LogModuleManager: Shutting down and abandoning module SignificanceManager (292)
[2019.07.30-05.02.41:839][ 94]LogModuleManager: Shutting down and abandoning module RuntimePhysXCooking (290)
[2019.07.30-05.02.41:839][ 94]LogModuleManager: Shutting down and abandoning module PhysXVehiclesEditor (288)
[2019.07.30-05.02.41:839][ 94]LogModuleManager: Shutting down and abandoning module PhysXVehicles (286)
[2019.07.30-05.02.41:839][ 94]LogModuleManager: Shutting down and abandoning module LocationServicesBPLibrary (284)
[2019.07.30-05.02.41:839][ 94]LogModuleManager: Shutting down and abandoning module ActorSequence (282)
[2019.07.30-05.02.41:839][ 94]LogModuleManager: Shutting down and abandoning module UdpMessaging (280)
[2019.07.30-05.02.41:941][ 94]LogModuleManager: Shutting down and abandoning module TcpMessaging (278)
[2019.07.30-05.02.42:050][ 94]LogModuleManager: Shutting down and abandoning module MagicLeapIdentity (276)
[2019.07.30-05.02.42:050][ 94]LogModuleManager: Shutting down and abandoning module MagicLeapSecureStorage (274)
[2019.07.30-05.02.42:050][ 94]LogModuleManager: Shutting down and abandoning module MagicLeapHandTracking (272)
[2019.07.30-05.02.42:050][ 94]LogModuleManager: Shutting down and abandoning module MagicLeapEyeTracker (270)
[2019.07.30-05.02.42:050][ 94]LogModuleManager: Shutting down and abandoning module MagicLeapController (268)
[2019.07.30-05.02.42:050][ 94]LogSlate: Slate User Destroyed.  User Index 0, Is Virtual User: 0
[2019.07.30-05.02.42:050][ 94]LogModuleManager: Shutting down and abandoning module MagicLeapAR (266)
[2019.07.30-05.02.42:050][ 94]LogModuleManager: Shutting down and abandoning module AugmentedReality (265)
[2019.07.30-05.02.42:050][ 94]LogModuleManager: Shutting down and abandoning module GameplayTagsEditor (262)
[2019.07.30-05.02.42:050][ 94]LogModuleManager: Shutting down and abandoning module FacialAnimationEditor (260)
[2019.07.30-05.02.42:050][ 94]LogModuleManager: Shutting down and abandoning module FacialAnimation (258)
[2019.07.30-05.02.42:051][ 94]LogModuleManager: Shutting down and abandoning module DataValidation (256)
[2019.07.30-05.02.42:051][ 94]LogModuleManager: Shutting down and abandoning module AssetManagerEditor (254)
[2019.07.30-05.02.42:051][ 94]LogModuleManager: Shutting down and abandoning module LevelEditor (253)
[2019.07.30-05.02.42:051][ 94]LogModuleManager: Shutting down and abandoning module PixelInspectorModule (252)
[2019.07.30-05.02.42:051][ 94]LogModuleManager: Shutting down and abandoning module CommonMenuExtensions (250)
[2019.07.30-05.02.42:052][ 94]LogModuleManager: Shutting down and abandoning module MainFrame (248)
[2019.07.30-05.02.42:052][ 94]LogModuleManager: Shutting down and abandoning module HotReload (247)
[2019.07.30-05.02.42:109][ 94]LogModuleManager: Shutting down and abandoning module ContentBrowser (243)
[2019.07.30-05.02.42:111][ 94]LogModuleManager: Shutting down and abandoning module TreeMap (241)
[2019.07.30-05.02.42:111][ 94]LogModuleManager: Shutting down and abandoning module AnimationSharing (238)
[2019.07.30-05.02.42:111][ 94]LogModuleManager: Shutting down and abandoning module LightPropagationVolumeRuntime (236)
[2019.07.30-05.02.42:111][ 94]LogModuleManager: Shutting down and abandoning module AISupportModule (234)
[2019.07.30-05.02.42:111][ 94]LogModuleManager: Shutting down and abandoning module Paper2D (232)
[2019.07.30-05.02.42:111][ 94]LogModuleManager: Shutting down and abandoning module WindowsMoviePlayer (230)
[2019.07.30-05.02.42:111][ 94]LogModuleManager: Shutting down and abandoning module WebMMoviePlayer (228)
[2019.07.30-05.02.42:111][ 94]LogModuleManager: Shutting down and abandoning module PacketHandler (226)
[2019.07.30-05.02.42:111][ 94]LogModuleManager: Shutting down and abandoning module ClothingSystemEditor (224)
[2019.07.30-05.02.42:111][ 94]LogModuleManager: Shutting down and abandoning module ClothingSystemRuntime (222)
[2019.07.30-05.02.42:111][ 94]LogModuleManager: Shutting down and abandoning module MediaAssets (220)
[2019.07.30-05.02.42:112][ 94]LogModuleManager: Shutting down and abandoning module Overlay (218)
[2019.07.30-05.02.42:112][ 94]LogModuleManager: Shutting down and abandoning module OverlayEditor (217)
[2019.07.30-05.02.42:112][ 94]LogModuleManager: Shutting down and abandoning module VREditor (214)
[2019.07.30-05.02.42:112][ 94]LogModuleManager: Shutting down and abandoning module StringTableEditor (212)
[2019.07.30-05.02.42:112][ 94]LogModuleManager: Shutting down and abandoning module GameplayTasksEditor (210)
[2019.07.30-05.02.42:112][ 94]LogModuleManager: Shutting down and abandoning module BehaviorTreeEditor (208)
[2019.07.30-05.02.42:112][ 94]LogModuleManager: Shutting down and abandoning module FunctionalTesting (206)
[2019.07.30-05.02.42:112][ 94]LogModuleManager: Shutting down and abandoning module CollisionAnalyzer (204)
[2019.07.30-05.02.42:112][ 94]LogModuleManager: Shutting down and abandoning module WorkspaceMenuStructure (203)
[2019.07.30-05.02.42:113][ 94]LogModuleManager: Shutting down and abandoning module UMG (200)
[2019.07.30-05.02.42:113][ 94]LogModuleManager: Shutting down and abandoning module UMGEditor (199)
[2019.07.30-05.02.42:113][ 94]LogModuleManager: Shutting down and abandoning module Sequencer (198)
[2019.07.30-05.02.42:113][ 94]LogModuleManager: Shutting down and abandoning module MessageLog (195)
[2019.07.30-05.02.42:113][ 94]LogModuleManager: Shutting down and abandoning module SlateReflector (190)
[2019.07.30-05.02.42:113][ 94]LogModuleManager: Shutting down and abandoning module Slate (188)
[2019.07.30-05.02.42:113][ 94]LogModuleManager: Shutting down and abandoning module EditorStyle (186)
[2019.07.30-05.02.42:119][ 94]LogModuleManager: Shutting down and abandoning module UnrealEd (184)
[2019.07.30-05.02.42:119][ 94]LogModuleManager: Shutting down and abandoning module MRMesh (182)
[2019.07.30-05.02.42:120][ 94]LogModuleManager: Shutting down and abandoning module SourceCodeAccess (180)
[2019.07.30-05.02.42:120][ 94]LogModuleManager: Shutting down and abandoning module HeadMountedDisplay (178)
[2019.07.30-05.02.42:120][ 94]LogModuleManager: Shutting down and abandoning module XAudio2 (176)
[2019.07.30-05.02.42:120][ 94]LogModuleManager: Shutting down and abandoning module Networking (174)
[2019.07.30-05.02.42:120][ 94]LogModuleManager: Shutting down and abandoning module Core (172)
[2019.07.30-05.02.42:120][ 94]LogModuleManager: Shutting down and abandoning module KismetCompiler (170)
[2019.07.30-05.02.42:120][ 94]LogModuleManager: Shutting down and abandoning module MeshUtilities (168)
[2019.07.30-05.02.42:120][ 94]LogModuleManager: Shutting down and abandoning module MeshMergeUtilities (167)
[2019.07.30-05.02.42:120][ 94]LogModuleManager: Shutting down and abandoning module MeshReductionInterface (166)
[2019.07.30-05.02.42:120][ 94]LogModuleManager: Shutting down and abandoning module SkeletalMeshReduction (165)
[2019.07.30-05.02.42:120][ 94]LogModuleManager: Shutting down and abandoning module ProxyLODMeshReduction (163)
[2019.07.30-05.02.42:120][ 94]LogModuleManager: Shutting down and abandoning module QuadricMeshReduction (161)
[2019.07.30-05.02.42:120][ 94]LogModuleManager: Shutting down and abandoning module MaterialBaking (157)
[2019.07.30-05.02.42:120][ 94]LogModuleManager: Shutting down and abandoning module DerivedDataCache (152)
[2019.07.30-05.02.42:287][ 94]LogDerivedDataCache: Shutdown
[2019.07.30-05.02.42:287][ 94]LogModuleManager: Shutting down and abandoning module XGEController (150)
[2019.07.30-05.02.42:287][ 94]LogModuleManager: Shutting down and abandoning module TargetPlatform (148)
[2019.07.30-05.02.42:287][ 94]LogModuleManager: Shutting down and abandoning module VulkanShaderFormat (147)
[2019.07.30-05.02.42:287][ 94]LogModuleManager: Shutting down and abandoning module ShaderFormatVectorVM (145)
[2019.07.30-05.02.42:287][ 94]LogModuleManager: Shutting down and abandoning module ShaderFormatOpenGL (143)
[2019.07.30-05.02.42:287][ 94]LogModuleManager: Shutting down and abandoning module ShaderFormatD3D (141)
[2019.07.30-05.02.42:287][ 94]LogModuleManager: Shutting down and abandoning module MetalShaderFormat (139)
[2019.07.30-05.02.42:287][ 94]LogModuleManager: Shutting down and abandoning module TextureFormatUncompressed (137)
[2019.07.30-05.02.42:287][ 94]LogModuleManager: Shutting down and abandoning module TextureFormatPVR (135)
[2019.07.30-05.02.42:287][ 94]LogModuleManager: Shutting down and abandoning module TextureFormatDXT (133)
[2019.07.30-05.02.42:287][ 94]LogModuleManager: Shutting down and abandoning module TextureFormatIntelISPCTexComp (131)
[2019.07.30-05.02.42:287][ 94]LogModuleManager: Shutting down and abandoning module TextureFormatASTC (129)
[2019.07.30-05.02.42:287][ 94]LogModuleManager: Shutting down and abandoning module ImageWrapper (128)
[2019.07.30-05.02.42:288][ 94]LogModuleManager: Shutting down and abandoning module TextureFormatAndroid (125)
[2019.07.30-05.02.42:288][ 94]LogModuleManager: Shutting down and abandoning module AudioFormatOpus (123)
[2019.07.30-05.02.42:288][ 94]LogModuleManager: Shutting down and abandoning module AudioFormatOgg (121)
[2019.07.30-05.02.42:288][ 94]LogModuleManager: Shutting down and abandoning module AudioFormatADPCM (119)
[2019.07.30-05.02.42:288][ 94]LogModuleManager: Shutting down and abandoning module LuminTargetPlatform (117)
[2019.07.30-05.02.42:288][ 94]LogModuleManager: Shutting down and abandoning module LinuxTargetPlatform (115)
[2019.07.30-05.02.42:288][ 94]LogModuleManager: Shutting down and abandoning module LinuxServerTargetPlatform (113)
[2019.07.30-05.02.42:288][ 94]LogModuleManager: Shutting down and abandoning module LinuxNoEditorTargetPlatform (111)
[2019.07.30-05.02.42:288][ 94]LogModuleManager: Shutting down and abandoning module LinuxClientTargetPlatform (109)
[2019.07.30-05.02.42:288][ 94]LogModuleManager: Shutting down and abandoning module TVOSTargetPlatform (107)
[2019.07.30-05.02.42:289][ 94]LogModuleManager: Shutting down and abandoning module Messaging (105)
[2019.07.30-05.02.42:289][ 94]LogModuleManager: Shutting down and abandoning module IOSTargetPlatform (103)
[2019.07.30-05.02.42:290][ 94]LogModuleManager: Shutting down and abandoning module HTML5TargetPlatform (101)
[2019.07.30-05.02.42:290][ 94]LogModuleManager: Shutting down and abandoning module AndroidTargetPlatform (99)
[2019.07.30-05.02.42:295][ 94]LogModuleManager: Shutting down and abandoning module WindowsTargetPlatform (97)
[2019.07.30-05.02.42:295][ 94]LogModuleManager: Shutting down and abandoning module WindowsServerTargetPlatform (95)
[2019.07.30-05.02.42:296][ 94]LogModuleManager: Shutting down and abandoning module WindowsNoEditorTargetPlatform (93)
[2019.07.30-05.02.42:296][ 94]LogModuleManager: Shutting down and abandoning module WindowsClientTargetPlatform (91)
[2019.07.30-05.02.42:296][ 94]LogModuleManager: Shutting down and abandoning module MacTargetPlatform (89)
[2019.07.30-05.02.42:296][ 94]LogModuleManager: Shutting down and abandoning module MacServerTargetPlatform (87)
[2019.07.30-05.02.42:296][ 94]LogModuleManager: Shutting down and abandoning module MacNoEditorTargetPlatform (85)
[2019.07.30-05.02.42:296][ 94]LogModuleManager: Shutting down and abandoning module MacClientTargetPlatform (83)
[2019.07.30-05.02.42:296][ 94]LogModuleManager: Shutting down and abandoning module AllDesktopTargetPlatform (81)
[2019.07.30-05.02.42:296][ 94]LogModuleManager: Shutting down and abandoning module InputCore (78)
[2019.07.30-05.02.42:296][ 94]LogModuleManager: Shutting down and abandoning module Settings (76)
[2019.07.30-05.02.42:296][ 94]LogModuleManager: Shutting down and abandoning module DirectoryWatcher (74)
[2019.07.30-05.02.42:296][ 94]LogModuleManager: Shutting down and abandoning module PhysXCooking (72)
[2019.07.30-05.02.42:296][ 94]LogModuleManager: Shutting down and abandoning module OculusHMD (70)
[2019.07.30-05.02.42:296][ 94]LogModuleManager: Shutting down and abandoning module ExampleDeviceProfileSelector (68)
[2019.07.30-05.02.42:296][ 94]LogModuleManager: Shutting down and abandoning module LauncherChunkInstaller (66)
[2019.07.30-05.02.42:296][ 94]LogModuleManager: Shutting down and abandoning module OnlineBlueprintSupport (64)
[2019.07.30-05.02.42:296][ 94]LogModuleManager: Shutting down and abandoning module OnlineSubsystem (60)
[2019.07.30-05.02.42:297][ 94]LogModuleManager: Shutting down and abandoning module XMPP (55)
[2019.07.30-05.02.42:297][ 94]LogModuleManager: Shutting down and abandoning module WebSockets (54)
[2019.07.30-05.02.42:304][ 94]LogModuleManager: Shutting down and abandoning module HTTP (51)
[2019.07.30-05.02.42:304][ 94]LogHttp: Display: Http module shutting down, but needs to wait on 1 outstanding Http requests:
[2019.07.30-05.02.42:304][ 94]LogHttp: Display: 	verb=[POST] url=[https://datarouter.ol.epicgames.com/datarouter/api/v1/public/data?SessionID=%7B2155970D-4E71-F59A-A1B3-ED96AD3D5E53%7D&AppID=UEEditor.Rocket.Release&AppVersion=4.22.3-7053642%2B%2B%2BUE4%2BRelease-4.22&UserID=1a33b6be46dfa3924bc632bdb725f648%7C3b2b91b068a6435b8481378b8a09aaae%7C3137535c-d14c-4b86-8799-1ade9c72e34d&AppEnvironment=datacollector-binary&UploadType=eteventstream] status=Processing
[2019.07.30-05.02.42:338][ 94]LogModuleManager: Shutting down and abandoning module SSL (50)
[2019.07.30-05.02.42:339][ 94]LogModuleManager: Shutting down and abandoning module WmfMedia (46)
[2019.07.30-05.02.42:341][ 94]LogModuleManager: Shutting down and abandoning module Media (45)
[2019.07.30-05.02.42:346][ 94]LogModuleManager: Shutting down and abandoning module MagicLeap (42)
[2019.07.30-05.02.42:346][ 94]LogModuleManager: Shutting down and abandoning module DatasmithContent (40)
[2019.07.30-05.02.42:346][ 94]LogModuleManager: Shutting down and abandoning module AnimationModifiers (38)
[2019.07.30-05.02.42:346][ 94]LogModuleManager: Shutting down and abandoning module PropertyEditor (37)
[2019.07.30-05.02.42:347][ 94]LogModuleManager: Shutting down and abandoning module AudioEditor (34)
[2019.07.30-05.02.42:347][ 94]LogModuleManager: Shutting down and abandoning module TextureCompressor (32)
[2019.07.30-05.02.42:347][ 94]LogModuleManager: Shutting down and abandoning module RenderCore (30)
[2019.07.30-05.02.42:347][ 94]LogModuleManager: Shutting down and abandoning module Landscape (28)
[2019.07.30-05.02.42:347][ 94]LogModuleManager: Shutting down and abandoning module SlateRHIRenderer (26)
[2019.07.30-05.02.42:347][ 94]LogModuleManager: Shutting down and abandoning module OpenGLDrv (24)
[2019.07.30-05.02.42:347][ 94]LogModuleManager: Shutting down and abandoning module D3D11RHI (22)
[2019.07.30-05.02.42:347][ 94]LogModuleManager: Shutting down and abandoning module AnimGraphRuntime (20)
[2019.07.30-05.02.42:347][ 94]LogModuleManager: Shutting down and abandoning module Renderer (18)
[2019.07.30-05.02.42:347][ 94]LogModuleManager: Shutting down and abandoning module Engine (16)
[2019.07.30-05.02.42:347][ 94]LogModuleManager: Shutting down and abandoning module CoreUObject (14)
[2019.07.30-05.02.42:347][ 94]LogModuleManager: Shutting down and abandoning module NetworkFile (12)
[2019.07.30-05.02.42:347][ 94]LogModuleManager: Shutting down and abandoning module CookedIterativeFile (10)
[2019.07.30-05.02.42:347][ 94]LogModuleManager: Shutting down and abandoning module StreamingFile (8)
[2019.07.30-05.02.42:347][ 94]LogModuleManager: Shutting down and abandoning module SandboxFile (6)
[2019.07.30-05.02.42:347][ 94]LogModuleManager: Shutting down and abandoning module PakFile (4)
[2019.07.30-05.02.42:347][ 94]LogModuleManager: Shutting down and abandoning module RSA (3)
[2019.07.30-05.02.42:355][ 94]LogExit: Exiting.
[2019.07.30-05.02.42:391][ 94]Log file closed, 07/30/19 00:02:42
